Change Component Designator: OldDesignator=*T1 NewDesignator=VT1
Change Component Designator: OldDesignator=D1 NewDesignator=VD1
Change Component Designator: OldDesignator=D2 NewDesignator=VD2
Change Component Designator: OldDesignator=D3 NewDesignator=VD3
Change Component Designator: OldDesignator=D4 NewDesignator=VD6
Change Component Designator: OldDesignator=D5 NewDesignator=VD7
Change Component Designator: OldDesignator=D6 NewDesignator=VD4
Change Component Designator: OldDesignator=D7 NewDesignator=VD5
Change Component Designator: OldDesignator=R4 NewDesignator=R5
Change Component Designator: OldDesignator=R5 NewDesignator=R4
Change Component Designator: OldDesignator=R9 NewDesignator=R12
Change Component Designator: OldDesignator=R10 NewDesignator=R9
Change Component Designator: OldDesignator=R11 NewDesignator=R10
Change Component Designator: OldDesignator=R12 NewDesignator=R11
Change Component Description : Designator=ZQ1 Old Description=16MHz A±30ppm Crystal 18pF 40 Ohms 2-SMD, No Lead New Description=16MHz A±30ppm Crystal 18pF 40 Ohms 2-SMD, No Lead
Change Component Description : Designator=ZQ2 Old Description=16MHz A±30ppm Crystal 18pF 40 Ohms 2-SMD, No Lead New Description=16MHz A±30ppm Crystal 18pF 40 Ohms 2-SMD, No Lead
Change Component Description : Designator=C1 Old Description=1500AµF 16V Aluminum Electrolytic Capacitors Radial, Can 5000 Hrs @ 105A°C New Description=1500AµF 16V Aluminum Electrolytic Capacitors Radial, Can 5000 Hrs @ 105A°C
Change Component Description : Designator=C2 Old Description=1500AµF 16V Aluminum Electrolytic Capacitors Radial, Can 5000 Hrs @ 105A°C New Description=1500AµF 16V Aluminum Electrolytic Capacitors Radial, Can 5000 Hrs @ 105A°C
Change Component Description : Designator=DD3 Old Description=AVR AVRA® ATmega Microcontroller IC 8-Bit 20MHz 32KB _16K x 16_ FLASH 32-TQFP _7x7_ New Description=AVR AVRA® ATmega Microcontroller IC 8-Bit 20MHz 32KB _16K x 16_ FLASH 32-TQFP _7x7_
Change Component Description : Designator=VT1 Old Description=RoHS Compliant New Description=RoHS Compliant | Industry-leading quality | Fast Switching | Low Profile _less than 1.1mm_ | P-Channel MOSFET | SOT-23 Footprint
Added Pin To Net: NetName=NetC5_2 Pin=ZQ1-1
Change Net Name : Old Net Name=Net*T1_1 New Net Name=NetDA2_1
Change Net Name : Old Net Name=Net*T1_3 New Net Name=NetVT1_3
Change Net Name : Old Net Name=NetD1_A New Net Name=NetVD1_A
Change Net Name : Old Net Name=NetD2_2 New Net Name=NetR5_2
Change Net Name : Old Net Name=NetD3_2 New Net Name=NetR6_1
Change Net Name : Old Net Name=NetD4_2 New Net Name=NetDD3_26
Change Net Name : Old Net Name=NetD4_4 New Net Name=NetR12_1
Change Net Name : Old Net Name=NetD5_2 New Net Name=NetDD3_25
Change Net Name : Old Net Name=NetD6_2 New Net Name=NetR9_1
Change Net Name : Old Net Name=NetD6_4 New Net Name=NetDA2_5
Change Net Name : Old Net Name=NetD7_2 New Net Name=NetR11_1
Change Net Name : Old Net Name=NetD7_4 New Net Name=NetDD3_16
Added Member To Class: ClassName=Sheet1 Member=Component C1 UPM1C152MHD
Added Member To Class: ClassName=Sheet1 Member=Component C2 UPM1C152MHD
Added Room: Name=Sheet1
