Removed Pin From Net: NetName=GND Pin=C1-N
Removed Pin From Net: NetName=VCC Pin=C1-P
Removed Pin From Net: NetName=GND Pin=C2-N
Removed Pin From Net: NetName=VCC Pin=C2-P
Added Component: Designator=C1(SMA/DO-214AC_DTC)
Add component. Clean all parameters for all variants
Add component (AddParameter): Name = "Availability"; Value = "Warning"; VariantName = "[No Variations]"
Add component (AddParameter): Name = "Check_prices"; Value = "https://www.snapeda.com/parts/UPM1C152MHD/Nichicon/view-part/2322603/?ref=eda"; VariantName = "[No Variations]"
Add component (AddParameter): Name = "MF"; Value = "Nichicon"; VariantName = "[No Variations]"
Add component (AddParameter): Name = "MP"; Value = "UPM1C152MHD"; VariantName = "[No Variations]"
Add component (AddParameter): Name = "Package"; Value = "Radial Nichicon"; VariantName = "[No Variations]"
Add component (AddParameter): Name = "Price"; Value = "None"; VariantName = "[No Variations]"
Add component (AddParameter): Name = "Purchase-URL"; Value = "https://pricing.snapeda.com/search/part/UPM1C152MHD/?ref=eda"; VariantName = "[No Variations]"
Add component (AddParameter): Name = "SnapEDA_Link"; Value = "https://www.snapeda.com/parts/UPM1C152MHD/Nichicon/view-part/2322603/?ref=snap"; VariantName = "[No Variations]"
Add component (AddParameter): Name = "Value"; Value = ""; VariantName = "[No Variations]"
Added Component: Designator=C2(SMA/DO-214AC_DTC)
Add component. Clean all parameters for all variants
Add component (AddParameter): Name = "Availability"; Value = "Warning"; VariantName = "[No Variations]"
Add component (AddParameter): Name = "Check_prices"; Value = "https://www.snapeda.com/parts/UPM1C152MHD/Nichicon/view-part/2322603/?ref=eda"; VariantName = "[No Variations]"
Add component (AddParameter): Name = "MF"; Value = "Nichicon"; VariantName = "[No Variations]"
Add component (AddParameter): Name = "MP"; Value = "UPM1C152MHD"; VariantName = "[No Variations]"
Add component (AddParameter): Name = "Package"; Value = "Radial Nichicon"; VariantName = "[No Variations]"
Add component (AddParameter): Name = "Price"; Value = "None"; VariantName = "[No Variations]"
Add component (AddParameter): Name = "Purchase-URL"; Value = "https://pricing.snapeda.com/search/part/UPM1C152MHD/?ref=eda"; VariantName = "[No Variations]"
Add component (AddParameter): Name = "SnapEDA_Link"; Value = "https://www.snapeda.com/parts/UPM1C152MHD/Nichicon/view-part/2322603/?ref=snap"; VariantName = "[No Variations]"
Add component (AddParameter): Name = "Value"; Value = ""; VariantName = "[No Variations]"
Added Pin To Net: NetName=GND Pin=C1-N
Added Pin To Net: NetName=VCC Pin=C1-P
Added Pin To Net: NetName=GND Pin=C2-N
Added Pin To Net: NetName=VCC Pin=C2-P
