Change Physical Footprint: Designator=*T1 Old Footprint=SOT95P237X112-3N New Footprint=SOT95P237X112-3N
Change Physical Footprint: Designator=BA1 Old Footprint=CUI_CVS-3108 New Footprint=CUI_CVS-3108
Change Physical Footprint: Designator=C1 Old Footprint=CAPPRD500W80D1250H2700 New Footprint=CAPPRD500W80D1250H2700
Change Physical Footprint: Designator=C2 Old Footprint=CAPPRD500W80D1250H2700 New Footprint=CAPPRD500W80D1250H2700
Change Physical Footprint: Designator=C3 Old Footprint=CAPC4520X200N New Footprint=CAPC4520X200N
Change Physical Footprint: Designator=C4 Old Footprint=CAPC4520X200N New Footprint=CAPC4520X200N
Change Physical Footprint: Designator=C5 Old Footprint=CAPC4520X200N New Footprint=CAPC4520X200N
Change Physical Footprint: Designator=C6 Old Footprint=CAPC4520X200N New Footprint=CAPC4520X200N
Change Physical Footprint: Designator=C7 Old Footprint=CAPC4520X200N New Footprint=CAPC4520X200N
Change Physical Footprint: Designator=C8 Old Footprint=CAPC4520X200N New Footprint=CAPC4520X200N
Change Physical Footprint: Designator=C9 Old Footprint=CAPC4520X200N New Footprint=CAPC4520X200N
Change Physical Footprint: Designator=C10 Old Footprint=CAPC4520X200N New Footprint=CAPC4520X200N
Change Physical Footprint: Designator=C11 Old Footprint=CAPC4520X200N New Footprint=CAPC4520X200N
Change Physical Footprint: Designator=D1 Old Footprint=DIOAD1060W80L520D270 New Footprint=DIOAD1060W80L520D270
Change Physical Footprint: Designator=D2 Old Footprint=SOJ150P350X210-4N New Footprint=SOJ150P350X210-4N
Change Physical Footprint: Designator=D3 Old Footprint=SOJ150P350X210-4N New Footprint=SOJ150P350X210-4N
Change Physical Footprint: Designator=D4 Old Footprint=SOJ150P350X210-4N New Footprint=SOJ150P350X210-4N
Change Physical Footprint: Designator=D5 Old Footprint=SOJ150P350X210-4N New Footprint=SOJ150P350X210-4N
Change Physical Footprint: Designator=D6 Old Footprint=SOJ150P350X210-4N New Footprint=SOJ150P350X210-4N
Change Physical Footprint: Designator=D7 Old Footprint=SOJ150P350X210-4N New Footprint=SOJ150P350X210-4N
Change Physical Footprint: Designator=DA1 Old Footprint=SOT230P700X180-4N New Footprint=SOT230P700X180-4N
Change Physical Footprint: Designator=DA2 Old Footprint=SOIC127P599X175-8N New Footprint=SOIC127P599X175-8N
Change Physical Footprint: Designator=DD1 Old Footprint=SOIC16 New Footprint=SOIC16
Change Physical Footprint: Designator=DD2 Old Footprint=DIP794W45P254L1969H508Q16 New Footprint=DIP794W45P254L1969H508Q16
Change Physical Footprint: Designator=DD3 Old Footprint=QFP80P900X900X120-32N New Footprint=QFP80P900X900X120-32N
Change Physical Footprint: Designator=HL1 Old Footprint=LCD_LCD-20X4B New Footprint=LCD_LCD-20X4B
Change Physical Footprint: Designator=PS1 Old Footprint=XCVR_HC-SR04 New Footprint=XCVR_HC-SR04
Change Physical Footprint: Designator=R1 Old Footprint=CAPC4520X200N New Footprint=CAPC4520X200N
Change Physical Footprint: Designator=R2 Old Footprint=CAPC4520X200N New Footprint=CAPC4520X200N
Change Physical Footprint: Designator=R3 Old Footprint=CAPC4520X200N New Footprint=CAPC4520X200N
Change Physical Footprint: Designator=R4 Old Footprint=CAPC4520X200N New Footprint=CAPC4520X200N
Change Physical Footprint: Designator=R5 Old Footprint=CAPC4520X200N New Footprint=CAPC4520X200N
Change Physical Footprint: Designator=R6 Old Footprint=CAPC4520X200N New Footprint=CAPC4520X200N
Change Physical Footprint: Designator=R7 Old Footprint=CAPC4520X200N New Footprint=CAPC4520X200N
Change Physical Footprint: Designator=R8 Old Footprint=CAPC4520X200N New Footprint=CAPC4520X200N
Change Physical Footprint: Designator=R9 Old Footprint=CAPC4520X200N New Footprint=CAPC4520X200N
Change Physical Footprint: Designator=R10 Old Footprint=CAPC4520X200N New Footprint=CAPC4520X200N
Change Physical Footprint: Designator=R11 Old Footprint=CAPC4520X200N New Footprint=CAPC4520X200N
Change Physical Footprint: Designator=R12 Old Footprint=CAPC4520X200N New Footprint=CAPC4520X200N
Change Physical Footprint: Designator=SB1 Old Footprint=TE_4-1437565-9 New Footprint=TE_4-1437565-9
Change Physical Footprint: Designator=SB2 Old Footprint=TE_4-1437565-9 New Footprint=TE_4-1437565-9
Change Physical Footprint: Designator=SB3 Old Footprint=TE_4-1437565-9 New Footprint=TE_4-1437565-9
Change Physical Footprint: Designator=SB4 Old Footprint=TE_4-1437565-9 New Footprint=TE_4-1437565-9
Change Physical Footprint: Designator=SB5 Old Footprint=TE_4-1437565-9 New Footprint=TE_4-1437565-9
Change Physical Footprint: Designator=SB6 Old Footprint=TE_4-1437565-9 New Footprint=TE_4-1437565-9
Change Physical Footprint: Designator=SB7 Old Footprint=TE_4-1437565-9 New Footprint=TE_4-1437565-9
Change Physical Footprint: Designator=SB8 Old Footprint=TE_4-1437565-9 New Footprint=TE_4-1437565-9
Change Physical Footprint: Designator=SB9 Old Footprint=TE_4-1437565-9 New Footprint=TE_4-1437565-9
Change Physical Footprint: Designator=SB10 Old Footprint=TE_4-1437565-9 New Footprint=TE_4-1437565-9
Change Physical Footprint: Designator=SB11 Old Footprint=TE_4-1437565-9 New Footprint=TE_4-1437565-9
Change Physical Footprint: Designator=SB12 Old Footprint=TE_4-1437565-9 New Footprint=TE_4-1437565-9
Change Physical Footprint: Designator=SB13 Old Footprint=TE_4-1437565-9 New Footprint=TE_4-1437565-9
Change Physical Footprint: Designator=XS1 Old Footprint=CUI_PJ-038B New Footprint=CUI_PJ-038B
Change Physical Footprint: Designator=XS2 Old Footprint=SAMTEC_USB-B-S-X-X-TH New Footprint=SAMTEC_USB-B-S-X-X-TH
Change Physical Footprint: Designator=XS3 Old Footprint=MOLEX-1X6 New Footprint=MOLEX-1X6
Change Physical Footprint: Designator=XS4 Old Footprint=SAMTEC_TW-02-03-T-D-335-100 New Footprint=SAMTEC_TW-02-03-T-D-335-100
Change Physical Footprint: Designator=XS5 Old Footprint=SAMTEC_TW-02-03-T-D-335-100 New Footprint=SAMTEC_TW-02-03-T-D-335-100
Change Physical Footprint: Designator=XS6 Old Footprint=SAMTEC_TW-02-03-T-D-335-100 New Footprint=SAMTEC_TW-02-03-T-D-335-100
Change Physical Footprint: Designator=XS7 Old Footprint=SAMTEC_TW-02-03-T-D-335-100 New Footprint=SAMTEC_TW-02-03-T-D-335-100
Change Physical Footprint: Designator=XS8 Old Footprint=SAMTEC_TW-03-12-L-S-765-200 New Footprint=SAMTEC_TW-03-12-L-S-765-200
Change Physical Footprint: Designator=ZQ1 Old Footprint=XTAL500X320X130N New Footprint=XTAL500X320X130N
Change Physical Footprint: Designator=ZQ2 Old Footprint=XTAL500X320X130N New Footprint=XTAL500X320X130N
