Added Component: Designator=*T1(SOT95P237X112-3N)
Add component. Clean all parameters for all variants
Add component (AddParameter): Name = "Availability"; Value = "Unavailable"; VariantName = "[No Variations]"
Add component (AddParameter): Name = "MF"; Value = "Infineon"; VariantName = "[No Variations]"
Add component (AddParameter): Name = "MP"; Value = "IRLML6402TRPBF"; VariantName = "[No Variations]"
Add component (AddParameter): Name = "Package"; Value = "SOT-23 Infineon"; VariantName = "[No Variations]"
Add component (AddParameter): Name = "Price"; Value = "None"; VariantName = "[No Variations]"
Add component (AddParameter): Name = "SnapEDA_Link"; Value = "https://www.snapeda.com/parts/IRLML6402TRPBF/Infineon%20Technologies/view-part/523558/?ref=snap"; VariantName = "[No Variations]"
Add component (AddParameter): Name = "Value"; Value = ""; VariantName = "[No Variations]"
Added Component: Designator=BA1(CUI_CVS-3108)
Add component. Clean all parameters for all variants
Add component (AddParameter): Name = "Arrow_Electronics-Purchase-URL"; Value = "https://snapeda.com/shop?store=Arrow+Electronics&id=1474279"; VariantName = "[No Variations]"
Add component (AddParameter): Name = "Availability"; Value = "Good"; VariantName = "[No Variations]"
Add component (AddParameter): Name = "CUI_purchase_URL"; Value = "https://www.cuidevices.com/product/audio/speakers/miniature-(10-mm~40-mm)/cvs-3108?utm_source=snapeda.com&utm_medium=referral&utm_campaign=snapedaBOM"; VariantName = "[No Variations]"
Add component (AddParameter): Name = "DigiKey-Purchase-URL"; Value = "https://snapeda.com/shop?store=DigiKey&id=1474279"; VariantName = "[No Variations]"
Add component (AddParameter): Name = "MF"; Value = "CUI Devices"; VariantName = "[No Variations]"
Add component (AddParameter): Name = "Mouser-Purchase-URL"; Value = "https://snapeda.com/shop?store=Mouser&id=1474279"; VariantName = "[No Variations]"
Add component (AddParameter): Name = "MP"; Value = "CVS-3108"; VariantName = "[No Variations]"
Add component (AddParameter): Name = "Package"; Value = "CUI Inc."; VariantName = "[No Variations]"
Add component (AddParameter): Name = "Price"; Value = "None"; VariantName = "[No Variations]"
Add component (AddParameter): Name = "SnapEDA_Link"; Value = "https://www.snapeda.com/parts/CVS-3108/CUI%20Devices/view-part/1474279/?ref=snap"; VariantName = "[No Variations]"
Add component (AddParameter): Name = "Value"; Value = ""; VariantName = "[No Variations]"
Added Component: Designator=C1(CAPPRD500W80D1250H2700)
Add component. Clean all parameters for all variants
Add component (AddParameter): Name = "Availability"; Value = "Warning"; VariantName = "[No Variations]"
Add component (AddParameter): Name = "Check_prices"; Value = "https://www.snapeda.com/parts/UPM1C152MHD/Nichicon/view-part/2322603/?ref=eda"; VariantName = "[No Variations]"
Add component (AddParameter): Name = "MF"; Value = "Nichicon"; VariantName = "[No Variations]"
Add component (AddParameter): Name = "MP"; Value = "UPM1C152MHD"; VariantName = "[No Variations]"
Add component (AddParameter): Name = "Package"; Value = "Radial Nichicon"; VariantName = "[No Variations]"
Add component (AddParameter): Name = "Price"; Value = "None"; VariantName = "[No Variations]"
Add component (AddParameter): Name = "Purchase-URL"; Value = "https://pricing.snapeda.com/search/part/UPM1C152MHD/?ref=eda"; VariantName = "[No Variations]"
Add component (AddParameter): Name = "SnapEDA_Link"; Value = "https://www.snapeda.com/parts/UPM1C152MHD/Nichicon/view-part/2322603/?ref=snap"; VariantName = "[No Variations]"
Add component (AddParameter): Name = "Value"; Value = ""; VariantName = "[No Variations]"
Added Component: Designator=C2(CAPPRD500W80D1250H2700)
Add component. Clean all parameters for all variants
Add component (AddParameter): Name = "Availability"; Value = "Warning"; VariantName = "[No Variations]"
Add component (AddParameter): Name = "Check_prices"; Value = "https://www.snapeda.com/parts/UPM1C152MHD/Nichicon/view-part/2322603/?ref=eda"; VariantName = "[No Variations]"
Add component (AddParameter): Name = "MF"; Value = "Nichicon"; VariantName = "[No Variations]"
Add component (AddParameter): Name = "MP"; Value = "UPM1C152MHD"; VariantName = "[No Variations]"
Add component (AddParameter): Name = "Package"; Value = "Radial Nichicon"; VariantName = "[No Variations]"
Add component (AddParameter): Name = "Price"; Value = "None"; VariantName = "[No Variations]"
Add component (AddParameter): Name = "Purchase-URL"; Value = "https://pricing.snapeda.com/search/part/UPM1C152MHD/?ref=eda"; VariantName = "[No Variations]"
Add component (AddParameter): Name = "SnapEDA_Link"; Value = "https://www.snapeda.com/parts/UPM1C152MHD/Nichicon/view-part/2322603/?ref=snap"; VariantName = "[No Variations]"
Add component (AddParameter): Name = "Value"; Value = ""; VariantName = "[No Variations]"
Added Component: Designator=C3(CAPC4520X200N)
Add component. Clean all parameters for all variants
Add component (AddParameter): Name = "Availability"; Value = "Unavailable"; VariantName = "[No Variations]"
Add component (AddParameter): Name = "MF"; Value = ""; VariantName = "[No Variations]"
Add component (AddParameter): Name = "MP"; Value = "1808Y5K00101JXT"; VariantName = "[No Variations]"
Add component (AddParameter): Name = "Package"; Value = "None"; VariantName = "[No Variations]"
Add component (AddParameter): Name = "Price"; Value = "None"; VariantName = "[No Variations]"
Add component (AddParameter): Name = "Value"; Value = ""; VariantName = "[No Variations]"
Added Component: Designator=C4(CAPC4520X200N)
Add component. Clean all parameters for all variants
Add component (AddParameter): Name = "Availability"; Value = "Unavailable"; VariantName = "[No Variations]"
Add component (AddParameter): Name = "MF"; Value = ""; VariantName = "[No Variations]"
Add component (AddParameter): Name = "MP"; Value = "1808Y5K00101JXT"; VariantName = "[No Variations]"
Add component (AddParameter): Name = "Package"; Value = "None"; VariantName = "[No Variations]"
Add component (AddParameter): Name = "Price"; Value = "None"; VariantName = "[No Variations]"
Add component (AddParameter): Name = "Value"; Value = ""; VariantName = "[No Variations]"
Added Component: Designator=C5(CAPC4520X200N)
Add component. Clean all parameters for all variants
Add component (AddParameter): Name = "Availability"; Value = "Unavailable"; VariantName = "[No Variations]"
Add component (AddParameter): Name = "MF"; Value = ""; VariantName = "[No Variations]"
Add component (AddParameter): Name = "MP"; Value = "1808Y5K00101JXT"; VariantName = "[No Variations]"
Add component (AddParameter): Name = "Package"; Value = "None"; VariantName = "[No Variations]"
Add component (AddParameter): Name = "Price"; Value = "None"; VariantName = "[No Variations]"
Add component (AddParameter): Name = "Value"; Value = ""; VariantName = "[No Variations]"
Added Component: Designator=C6(CAPC4520X200N)
Add component. Clean all parameters for all variants
Add component (AddParameter): Name = "Availability"; Value = "Unavailable"; VariantName = "[No Variations]"
Add component (AddParameter): Name = "MF"; Value = ""; VariantName = "[No Variations]"
Add component (AddParameter): Name = "MP"; Value = "1808Y5K00101JXT"; VariantName = "[No Variations]"
Add component (AddParameter): Name = "Package"; Value = "None"; VariantName = "[No Variations]"
Add component (AddParameter): Name = "Price"; Value = "None"; VariantName = "[No Variations]"
Add component (AddParameter): Name = "Value"; Value = ""; VariantName = "[No Variations]"
Added Component: Designator=C7(CAPC4520X200N)
Add component. Clean all parameters for all variants
Add component (AddParameter): Name = "Availability"; Value = "Unavailable"; VariantName = "[No Variations]"
Add component (AddParameter): Name = "MF"; Value = ""; VariantName = "[No Variations]"
Add component (AddParameter): Name = "MP"; Value = "1808Y5K00101JXT"; VariantName = "[No Variations]"
Add component (AddParameter): Name = "Package"; Value = "None"; VariantName = "[No Variations]"
Add component (AddParameter): Name = "Price"; Value = "None"; VariantName = "[No Variations]"
Add component (AddParameter): Name = "Value"; Value = ""; VariantName = "[No Variations]"
Added Component: Designator=C8(CAPC4520X200N)
Add component. Clean all parameters for all variants
Add component (AddParameter): Name = "Availability"; Value = "Unavailable"; VariantName = "[No Variations]"
Add component (AddParameter): Name = "MF"; Value = ""; VariantName = "[No Variations]"
Add component (AddParameter): Name = "MP"; Value = "1808Y5K00101JXT"; VariantName = "[No Variations]"
Add component (AddParameter): Name = "Package"; Value = "None"; VariantName = "[No Variations]"
Add component (AddParameter): Name = "Price"; Value = "None"; VariantName = "[No Variations]"
Add component (AddParameter): Name = "Value"; Value = ""; VariantName = "[No Variations]"
Added Component: Designator=C9(CAPC4520X200N)
Add component. Clean all parameters for all variants
Add component (AddParameter): Name = "Availability"; Value = "Unavailable"; VariantName = "[No Variations]"
Add component (AddParameter): Name = "MF"; Value = ""; VariantName = "[No Variations]"
Add component (AddParameter): Name = "MP"; Value = "1808Y5K00101JXT"; VariantName = "[No Variations]"
Add component (AddParameter): Name = "Package"; Value = "None"; VariantName = "[No Variations]"
Add component (AddParameter): Name = "Price"; Value = "None"; VariantName = "[No Variations]"
Add component (AddParameter): Name = "Value"; Value = ""; VariantName = "[No Variations]"
Added Component: Designator=C10(CAPC4520X200N)
Add component. Clean all parameters for all variants
Add component (AddParameter): Name = "Availability"; Value = "Unavailable"; VariantName = "[No Variations]"
Add component (AddParameter): Name = "MF"; Value = ""; VariantName = "[No Variations]"
Add component (AddParameter): Name = "MP"; Value = "1808Y5K00101JXT"; VariantName = "[No Variations]"
Add component (AddParameter): Name = "Package"; Value = "None"; VariantName = "[No Variations]"
Add component (AddParameter): Name = "Price"; Value = "None"; VariantName = "[No Variations]"
Add component (AddParameter): Name = "Value"; Value = ""; VariantName = "[No Variations]"
Added Component: Designator=C11(CAPC4520X200N)
Add component. Clean all parameters for all variants
Add component (AddParameter): Name = "Availability"; Value = "Unavailable"; VariantName = "[No Variations]"
Add component (AddParameter): Name = "MF"; Value = ""; VariantName = "[No Variations]"
Add component (AddParameter): Name = "MP"; Value = "1808Y5K00101JXT"; VariantName = "[No Variations]"
Add component (AddParameter): Name = "Package"; Value = "None"; VariantName = "[No Variations]"
Add component (AddParameter): Name = "Price"; Value = "None"; VariantName = "[No Variations]"
Add component (AddParameter): Name = "Value"; Value = ""; VariantName = "[No Variations]"
Added Component: Designator=D1(DIOAD1060W80L520D270)
Add component. Clean all parameters for all variants
Add component (AddParameter): Name = "Availability"; Value = "Unavailable"; VariantName = "[No Variations]"
Add component (AddParameter): Name = "MF"; Value = "ON Semiconductor"; VariantName = "[No Variations]"
Add component (AddParameter): Name = "MP"; Value = "1N4007"; VariantName = "[No Variations]"
Add component (AddParameter): Name = "Package"; Value = "DO-41 Good-Ark"; VariantName = "[No Variations]"
Add component (AddParameter): Name = "Price"; Value = "None"; VariantName = "[No Variations]"
Add component (AddParameter): Name = "SnapEDA_Link"; Value = "https://www.snapeda.com/parts/1N4007/ON%20Semiconductor/view-part/2816213/?ref=snap"; VariantName = "[No Variations]"
Add component (AddParameter): Name = "Value"; Value = ""; VariantName = "[No Variations]"
Added Component: Designator=D2(SOJ150P350X210-4N)
Add component. Clean all parameters for all variants
Add component (AddParameter): Name = "Digi-Key_Part_Number"; Value = "CLA1A-WKW-CXAYB153CT-ND"; VariantName = "[No Variations]"
Add component (AddParameter): Name = "Digi-Key_Purchase_URL"; Value = "https://www.digikey.com/product-detail/en/cree-inc/CLA1A-WKW-CXAYB153/CLA1A-WKW-CXAYB153CT-ND/3659978?utm_source=snapeda&utm_medium=aggregator&utm_campaign=symbol"; VariantName = "[No Variations]"
Add component (AddParameter): Name = "MF"; Value = "Cree Inc."; VariantName = "[No Variations]"
Add component (AddParameter): Name = "MP"; Value = "CLA1A-WKW-CXAYB153"; VariantName = "[No Variations]"
Add component (AddParameter): Name = "Package"; Value = "PLCC-4 Cree"; VariantName = "[No Variations]"
Add component (AddParameter): Name = "SnapEDA_Link"; Value = "https://www.snapeda.com/parts/CLA1A-WKW-CXAYB153/Cree%20Inc./view-part/1050629/?ref=snap"; VariantName = "[No Variations]"
Add component (AddParameter): Name = "Value"; Value = ""; VariantName = "[No Variations]"
Added Component: Designator=D3(SOJ150P350X210-4N)
Add component. Clean all parameters for all variants
Add component (AddParameter): Name = "Digi-Key_Part_Number"; Value = "CLA1A-WKW-CXAYB153CT-ND"; VariantName = "[No Variations]"
Add component (AddParameter): Name = "Digi-Key_Purchase_URL"; Value = "https://www.digikey.com/product-detail/en/cree-inc/CLA1A-WKW-CXAYB153/CLA1A-WKW-CXAYB153CT-ND/3659978?utm_source=snapeda&utm_medium=aggregator&utm_campaign=symbol"; VariantName = "[No Variations]"
Add component (AddParameter): Name = "MF"; Value = "Cree Inc."; VariantName = "[No Variations]"
Add component (AddParameter): Name = "MP"; Value = "CLA1A-WKW-CXAYB153"; VariantName = "[No Variations]"
Add component (AddParameter): Name = "Package"; Value = "PLCC-4 Cree"; VariantName = "[No Variations]"
Add component (AddParameter): Name = "SnapEDA_Link"; Value = "https://www.snapeda.com/parts/CLA1A-WKW-CXAYB153/Cree%20Inc./view-part/1050629/?ref=snap"; VariantName = "[No Variations]"
Add component (AddParameter): Name = "Value"; Value = ""; VariantName = "[No Variations]"
Added Component: Designator=D4(SOJ150P350X210-4N)
Add component. Clean all parameters for all variants
Add component (AddParameter): Name = "Digi-Key_Part_Number"; Value = "CLA1A-WKW-CXAYB153CT-ND"; VariantName = "[No Variations]"
Add component (AddParameter): Name = "Digi-Key_Purchase_URL"; Value = "https://www.digikey.com/product-detail/en/cree-inc/CLA1A-WKW-CXAYB153/CLA1A-WKW-CXAYB153CT-ND/3659978?utm_source=snapeda&utm_medium=aggregator&utm_campaign=symbol"; VariantName = "[No Variations]"
Add component (AddParameter): Name = "MF"; Value = "Cree Inc."; VariantName = "[No Variations]"
Add component (AddParameter): Name = "MP"; Value = "CLA1A-WKW-CXAYB153"; VariantName = "[No Variations]"
Add component (AddParameter): Name = "Package"; Value = "PLCC-4 Cree"; VariantName = "[No Variations]"
Add component (AddParameter): Name = "SnapEDA_Link"; Value = "https://www.snapeda.com/parts/CLA1A-WKW-CXAYB153/Cree%20Inc./view-part/1050629/?ref=snap"; VariantName = "[No Variations]"
Add component (AddParameter): Name = "Value"; Value = ""; VariantName = "[No Variations]"
Added Component: Designator=D5(SOJ150P350X210-4N)
Add component. Clean all parameters for all variants
Add component (AddParameter): Name = "Digi-Key_Part_Number"; Value = "CLA1A-WKW-CXAYB153CT-ND"; VariantName = "[No Variations]"
Add component (AddParameter): Name = "Digi-Key_Purchase_URL"; Value = "https://www.digikey.com/product-detail/en/cree-inc/CLA1A-WKW-CXAYB153/CLA1A-WKW-CXAYB153CT-ND/3659978?utm_source=snapeda&utm_medium=aggregator&utm_campaign=symbol"; VariantName = "[No Variations]"
Add component (AddParameter): Name = "MF"; Value = "Cree Inc."; VariantName = "[No Variations]"
Add component (AddParameter): Name = "MP"; Value = "CLA1A-WKW-CXAYB153"; VariantName = "[No Variations]"
Add component (AddParameter): Name = "Package"; Value = "PLCC-4 Cree"; VariantName = "[No Variations]"
Add component (AddParameter): Name = "SnapEDA_Link"; Value = "https://www.snapeda.com/parts/CLA1A-WKW-CXAYB153/Cree%20Inc./view-part/1050629/?ref=snap"; VariantName = "[No Variations]"
Add component (AddParameter): Name = "Value"; Value = ""; VariantName = "[No Variations]"
Added Component: Designator=D6(SOJ150P350X210-4N)
Add component. Clean all parameters for all variants
Add component (AddParameter): Name = "Digi-Key_Part_Number"; Value = "CLA1A-WKW-CXAYB153CT-ND"; VariantName = "[No Variations]"
Add component (AddParameter): Name = "Digi-Key_Purchase_URL"; Value = "https://www.digikey.com/product-detail/en/cree-inc/CLA1A-WKW-CXAYB153/CLA1A-WKW-CXAYB153CT-ND/3659978?utm_source=snapeda&utm_medium=aggregator&utm_campaign=symbol"; VariantName = "[No Variations]"
Add component (AddParameter): Name = "MF"; Value = "Cree Inc."; VariantName = "[No Variations]"
Add component (AddParameter): Name = "MP"; Value = "CLA1A-WKW-CXAYB153"; VariantName = "[No Variations]"
Add component (AddParameter): Name = "Package"; Value = "PLCC-4 Cree"; VariantName = "[No Variations]"
Add component (AddParameter): Name = "SnapEDA_Link"; Value = "https://www.snapeda.com/parts/CLA1A-WKW-CXAYB153/Cree%20Inc./view-part/1050629/?ref=snap"; VariantName = "[No Variations]"
Add component (AddParameter): Name = "Value"; Value = ""; VariantName = "[No Variations]"
Added Component: Designator=D7(SOJ150P350X210-4N)
Add component. Clean all parameters for all variants
Add component (AddParameter): Name = "Digi-Key_Part_Number"; Value = "CLA1A-WKW-CXAYB153CT-ND"; VariantName = "[No Variations]"
Add component (AddParameter): Name = "Digi-Key_Purchase_URL"; Value = "https://www.digikey.com/product-detail/en/cree-inc/CLA1A-WKW-CXAYB153/CLA1A-WKW-CXAYB153CT-ND/3659978?utm_source=snapeda&utm_medium=aggregator&utm_campaign=symbol"; VariantName = "[No Variations]"
Add component (AddParameter): Name = "MF"; Value = "Cree Inc."; VariantName = "[No Variations]"
Add component (AddParameter): Name = "MP"; Value = "CLA1A-WKW-CXAYB153"; VariantName = "[No Variations]"
Add component (AddParameter): Name = "Package"; Value = "PLCC-4 Cree"; VariantName = "[No Variations]"
Add component (AddParameter): Name = "SnapEDA_Link"; Value = "https://www.snapeda.com/parts/CLA1A-WKW-CXAYB153/Cree%20Inc./view-part/1050629/?ref=snap"; VariantName = "[No Variations]"
Add component (AddParameter): Name = "Value"; Value = ""; VariantName = "[No Variations]"
Added Component: Designator=DA1(SOT230P700X180-4N)
Add component. Clean all parameters for all variants
Add component (AddParameter): Name = "Availability"; Value = "Unavailable"; VariantName = "[No Variations]"
Add component (AddParameter): Name = "MF"; Value = "ON Semiconductor"; VariantName = "[No Variations]"
Add component (AddParameter): Name = "MP"; Value = "NCP1117ST50T3G"; VariantName = "[No Variations]"
Add component (AddParameter): Name = "Package"; Value = "TO-261-4 ON Semiconductor"; VariantName = "[No Variations]"
Add component (AddParameter): Name = "Price"; Value = "None"; VariantName = "[No Variations]"
Add component (AddParameter): Name = "SnapEDA_Link"; Value = "https://www.snapeda.com/parts/NCP1117ST50T3G/ON%20Semiconductor/view-part/836318/?ref=snap"; VariantName = "[No Variations]"
Add component (AddParameter): Name = "Value"; Value = ""; VariantName = "[No Variations]"
Added Component: Designator=DA2(SOIC127P599X175-8N)
Add component. Clean all parameters for all variants
Add component (AddParameter): Name = "Arrow_Asia-Purchase-URL"; Value = "https://snapeda.com/shop?store=Arrow+Asia&id=4793021"; VariantName = "[No Variations]"
Add component (AddParameter): Name = "Arrow_Electronics-Purchase-URL"; Value = "https://snapeda.com/shop?store=Arrow+Electronics&id=4793021"; VariantName = "[No Variations]"
Add component (AddParameter): Name = "Digi-Key_Part_Number"; Value = "296-1014-2-ND"; VariantName = "[No Variations]"
Add component (AddParameter): Name = "DigiKey-Purchase-URL"; Value = "https://snapeda.com/shop?store=DigiKey&id=4793021"; VariantName = "[No Variations]"
Add component (AddParameter): Name = "MF"; Value = "Texas Instruments"; VariantName = "[No Variations]"
Add component (AddParameter): Name = "Mouser-Purchase-URL"; Value = "https://snapeda.com/shop?store=Mouser&id=4793021"; VariantName = "[No Variations]"
Add component (AddParameter): Name = "MP"; Value = "LM358D"; VariantName = "[No Variations]"
Add component (AddParameter): Name = "Package"; Value = "SOIC-8 Texas Instruments"; VariantName = "[No Variations]"
Add component (AddParameter): Name = "SnapEDA_Link"; Value = "https://www.snapeda.com/parts/LM358D/Texas%20Instruments/view-part/4793021/?ref=snap"; VariantName = "[No Variations]"
Add component (AddParameter): Name = "Texas_Instruments-Purchase-URL"; Value = "https://snapeda.com/shop?store=Texas+Instruments&id=4793021"; VariantName = "[No Variations]"
Add component (AddParameter): Name = "Value"; Value = ""; VariantName = "[No Variations]"
Added Component: Designator=DD1(SOIC16)
Add component. Clean all parameters for all variants
Add component (AddParameter): Name = "Availability"; Value = "Unavailable"; VariantName = "[No Variations]"
Add component (AddParameter): Name = "MF"; Value = "Eaton"; VariantName = "[No Variations]"
Add component (AddParameter): Name = "MP"; Value = "CH340"; VariantName = "[No Variations]"
Add component (AddParameter): Name = "Package"; Value = "None"; VariantName = "[No Variations]"
Add component (AddParameter): Name = "Price"; Value = "None"; VariantName = "[No Variations]"
Add component (AddParameter): Name = "SnapEDA_Link"; Value = "https://www.snapeda.com/parts/CH340/Eaton/view-part/4701946/?ref=snap"; VariantName = "[No Variations]"
Add component (AddParameter): Name = "Value"; Value = ""; VariantName = "[No Variations]"
Added Component: Designator=DD2(DIP794W45P254L1969H508Q16)
Add component. Clean all parameters for all variants
Add component (AddParameter): Name = "Arrow_Electronics-Purchase-URL"; Value = "https://snapeda.com/shop?store=Arrow+Electronics&id=271889"; VariantName = "[No Variations]"
Add component (AddParameter): Name = "Availability"; Value = "Unavailable"; VariantName = "[No Variations]"
Add component (AddParameter): Name = "DigiKey-Purchase-URL"; Value = "https://snapeda.com/shop?store=DigiKey&id=271889"; VariantName = "[No Variations]"
Add component (AddParameter): Name = "MF"; Value = "Texas Instruments"; VariantName = "[No Variations]"
Add component (AddParameter): Name = "Mouser-Purchase-URL"; Value = "https://snapeda.com/shop?store=Mouser&id=271889"; VariantName = "[No Variations]"
Add component (AddParameter): Name = "MP"; Value = "PCF8574N"; VariantName = "[No Variations]"
Add component (AddParameter): Name = "Package"; Value = "PDIP-16 Texas Instruments"; VariantName = "[No Variations]"
Add component (AddParameter): Name = "Price"; Value = "None"; VariantName = "[No Variations]"
Add component (AddParameter): Name = "SnapEDA_Link"; Value = "https://www.snapeda.com/parts/PCF8574N/Texas%20Instruments/view-part/271889/?ref=snap"; VariantName = "[No Variations]"
Add component (AddParameter): Name = "Texas_Instruments-Purchase-URL"; Value = "https://snapeda.com/shop?store=Texas+Instruments&id=271889"; VariantName = "[No Variations]"
Add component (AddParameter): Name = "Value"; Value = ""; VariantName = "[No Variations]"
Added Component: Designator=DD3(QFP80P900X900X120-32N)
Add component. Clean all parameters for all variants
Add component (AddParameter): Name = "Availability"; Value = "Unavailable"; VariantName = "[No Variations]"
Add component (AddParameter): Name = "MF"; Value = "Microchip"; VariantName = "[No Variations]"
Add component (AddParameter): Name = "MP"; Value = "ATMEGA328P-AU"; VariantName = "[No Variations]"
Add component (AddParameter): Name = "Package"; Value = "TQFP-32 Microchip"; VariantName = "[No Variations]"
Add component (AddParameter): Name = "Price"; Value = "None"; VariantName = "[No Variations]"
Add component (AddParameter): Name = "SnapEDA_Link"; Value = "https://www.snapeda.com/parts/ATMEGA328P-AU/Microchip/view-part/44280/?ref=snap"; VariantName = "[No Variations]"
Add component (AddParameter): Name = "Value"; Value = ""; VariantName = "[No Variations]"
Added Component: Designator=HL1(LCD_LCD-20X4B)
Add component. Clean all parameters for all variants
Add component (AddParameter): Name = "Availability"; Value = "Unavailable"; VariantName = "[No Variations]"
Add component (AddParameter): Name = "MF"; Value = "Gravitech"; VariantName = "[No Variations]"
Add component (AddParameter): Name = "Mouser-Purchase-URL"; Value = "https://snapeda.com/shop?store=Mouser&id=833821"; VariantName = "[No Variations]"
Add component (AddParameter): Name = "MP"; Value = "LCD-20X4B"; VariantName = "[No Variations]"
Add component (AddParameter): Name = "Package"; Value = "None"; VariantName = "[No Variations]"
Add component (AddParameter): Name = "Price"; Value = "None"; VariantName = "[No Variations]"
Add component (AddParameter): Name = "SnapEDA_Link"; Value = "https://www.snapeda.com/parts/LCD-20X4B/Gravitech/view-part/833821/?ref=snap"; VariantName = "[No Variations]"
Add component (AddParameter): Name = "Value"; Value = ""; VariantName = "[No Variations]"
Added Component: Designator=PS1(XCVR_HC-SR04)
Add component. Clean all parameters for all variants
Add component (AddParameter): Name = "Availability"; Value = "Unavailable"; VariantName = "[No Variations]"
Add component (AddParameter): Name = "MF"; Value = "SparkFun Electronics"; VariantName = "[No Variations]"
Add component (AddParameter): Name = "MP"; Value = "HC-SR04"; VariantName = "[No Variations]"
Add component (AddParameter): Name = "Package"; Value = "None"; VariantName = "[No Variations]"
Add component (AddParameter): Name = "Price"; Value = "None"; VariantName = "[No Variations]"
Add component (AddParameter): Name = "SnapEDA_Link"; Value = "https://www.snapeda.com/parts/HC-SR04/SparkFun%20Electronics/view-part/341106/?ref=snap"; VariantName = "[No Variations]"
Add component (AddParameter): Name = "Value"; Value = ""; VariantName = "[No Variations]"
Added Component: Designator=R1(CAPC4520X200N)
Add component. Clean all parameters for all variants
Added Component: Designator=R2(CAPC4520X200N)
Add component. Clean all parameters for all variants
Added Component: Designator=R3(CAPC4520X200N)
Add component. Clean all parameters for all variants
Added Component: Designator=R4(CAPC4520X200N)
Add component. Clean all parameters for all variants
Added Component: Designator=R5(CAPC4520X200N)
Add component. Clean all parameters for all variants
Added Component: Designator=R6(CAPC4520X200N)
Add component. Clean all parameters for all variants
Added Component: Designator=R7(CAPC4520X200N)
Add component. Clean all parameters for all variants
Added Component: Designator=R8(CAPC4520X200N)
Add component. Clean all parameters for all variants
Added Component: Designator=R9(CAPC4520X200N)
Add component. Clean all parameters for all variants
Added Component: Designator=R10(CAPC4520X200N)
Add component. Clean all parameters for all variants
Added Component: Designator=R11(CAPC4520X200N)
Add component. Clean all parameters for all variants
Added Component: Designator=R12(CAPC4520X200N)
Add component. Clean all parameters for all variants
Added Component: Designator=SB1(TE_4-1437565-9)
Add component. Clean all parameters for all variants
Add component (AddParameter): Name = "Configuration_Pole-Throw"; Value = "Single Pole - Single Throw"; VariantName = "[No Variations]"
Add component (AddParameter): Name = "Contact_Current_Rating"; Value = "50 mA"; VariantName = "[No Variations]"
Add component (AddParameter): Name = "Digi-Key_Part_Number"; Value = "450-1133-ND"; VariantName = "[No Variations]"
Add component (AddParameter): Name = "Digi-Key_Purchase_URL"; Value = "https://www.digikey.com/product-detail/en/te-connectivity-alcoswitch-switches/FSM6JSMA/450-1133-ND/525822?utm_source=snapeda&utm_medium=aggregator&utm_campaign=symbol"; VariantName = "[No Variations]"
Add component (AddParameter): Name = "EU_RoHS_Compliance"; Value = "Compliant"; VariantName = "[No Variations]"
Add component (AddParameter): Name = "MF"; Value = "TE Connectivity"; VariantName = "[No Variations]"
Add component (AddParameter): Name = "MP"; Value = "FSM6JSMA"; VariantName = "[No Variations]"
Add component (AddParameter): Name = "Package"; Value = "None"; VariantName = "[No Variations]"
Add component (AddParameter): Name = "SnapEDA_Link"; Value = "https://www.snapeda.com/parts/FSM6JSMA/TE%20Connectivity%20ALCOSWITCH%20Switches/view-part/522766/?ref=snap"; VariantName = "[No Variations]"
Add component (AddParameter): Name = "TE_purchase_URL"; Value = "https://www.te.com/usa-en/product-4-1437565-9.html?te_bu=Cor&te_type=disp&te_campaign=seda_glo_cor-seda-global-disp-prtnr-fy19-seda-model-bom-cta_sma-317_1&elqCampaignId=32493"; VariantName = "[No Variations]"
Add component (AddParameter): Name = "Value"; Value = ""; VariantName = "[No Variations]"
Added Component: Designator=SB2(TE_4-1437565-9)
Add component. Clean all parameters for all variants
Add component (AddParameter): Name = "Configuration_Pole-Throw"; Value = "Single Pole - Single Throw"; VariantName = "[No Variations]"
Add component (AddParameter): Name = "Contact_Current_Rating"; Value = "50 mA"; VariantName = "[No Variations]"
Add component (AddParameter): Name = "Digi-Key_Part_Number"; Value = "450-1133-ND"; VariantName = "[No Variations]"
Add component (AddParameter): Name = "Digi-Key_Purchase_URL"; Value = "https://www.digikey.com/product-detail/en/te-connectivity-alcoswitch-switches/FSM6JSMA/450-1133-ND/525822?utm_source=snapeda&utm_medium=aggregator&utm_campaign=symbol"; VariantName = "[No Variations]"
Add component (AddParameter): Name = "EU_RoHS_Compliance"; Value = "Compliant"; VariantName = "[No Variations]"
Add component (AddParameter): Name = "MF"; Value = "TE Connectivity"; VariantName = "[No Variations]"
Add component (AddParameter): Name = "MP"; Value = "FSM6JSMA"; VariantName = "[No Variations]"
Add component (AddParameter): Name = "Package"; Value = "None"; VariantName = "[No Variations]"
Add component (AddParameter): Name = "SnapEDA_Link"; Value = "https://www.snapeda.com/parts/FSM6JSMA/TE%20Connectivity%20ALCOSWITCH%20Switches/view-part/522766/?ref=snap"; VariantName = "[No Variations]"
Add component (AddParameter): Name = "TE_purchase_URL"; Value = "https://www.te.com/usa-en/product-4-1437565-9.html?te_bu=Cor&te_type=disp&te_campaign=seda_glo_cor-seda-global-disp-prtnr-fy19-seda-model-bom-cta_sma-317_1&elqCampaignId=32493"; VariantName = "[No Variations]"
Add component (AddParameter): Name = "Value"; Value = ""; VariantName = "[No Variations]"
Added Component: Designator=SB3(TE_4-1437565-9)
Add component. Clean all parameters for all variants
Add component (AddParameter): Name = "Configuration_Pole-Throw"; Value = "Single Pole - Single Throw"; VariantName = "[No Variations]"
Add component (AddParameter): Name = "Contact_Current_Rating"; Value = "50 mA"; VariantName = "[No Variations]"
Add component (AddParameter): Name = "Digi-Key_Part_Number"; Value = "450-1133-ND"; VariantName = "[No Variations]"
Add component (AddParameter): Name = "Digi-Key_Purchase_URL"; Value = "https://www.digikey.com/product-detail/en/te-connectivity-alcoswitch-switches/FSM6JSMA/450-1133-ND/525822?utm_source=snapeda&utm_medium=aggregator&utm_campaign=symbol"; VariantName = "[No Variations]"
Add component (AddParameter): Name = "EU_RoHS_Compliance"; Value = "Compliant"; VariantName = "[No Variations]"
Add component (AddParameter): Name = "MF"; Value = "TE Connectivity"; VariantName = "[No Variations]"
Add component (AddParameter): Name = "MP"; Value = "FSM6JSMA"; VariantName = "[No Variations]"
Add component (AddParameter): Name = "Package"; Value = "None"; VariantName = "[No Variations]"
Add component (AddParameter): Name = "SnapEDA_Link"; Value = "https://www.snapeda.com/parts/FSM6JSMA/TE%20Connectivity%20ALCOSWITCH%20Switches/view-part/522766/?ref=snap"; VariantName = "[No Variations]"
Add component (AddParameter): Name = "TE_purchase_URL"; Value = "https://www.te.com/usa-en/product-4-1437565-9.html?te_bu=Cor&te_type=disp&te_campaign=seda_glo_cor-seda-global-disp-prtnr-fy19-seda-model-bom-cta_sma-317_1&elqCampaignId=32493"; VariantName = "[No Variations]"
Add component (AddParameter): Name = "Value"; Value = ""; VariantName = "[No Variations]"
Added Component: Designator=SB4(TE_4-1437565-9)
Add component. Clean all parameters for all variants
Add component (AddParameter): Name = "Configuration_Pole-Throw"; Value = "Single Pole - Single Throw"; VariantName = "[No Variations]"
Add component (AddParameter): Name = "Contact_Current_Rating"; Value = "50 mA"; VariantName = "[No Variations]"
Add component (AddParameter): Name = "Digi-Key_Part_Number"; Value = "450-1133-ND"; VariantName = "[No Variations]"
Add component (AddParameter): Name = "Digi-Key_Purchase_URL"; Value = "https://www.digikey.com/product-detail/en/te-connectivity-alcoswitch-switches/FSM6JSMA/450-1133-ND/525822?utm_source=snapeda&utm_medium=aggregator&utm_campaign=symbol"; VariantName = "[No Variations]"
Add component (AddParameter): Name = "EU_RoHS_Compliance"; Value = "Compliant"; VariantName = "[No Variations]"
Add component (AddParameter): Name = "MF"; Value = "TE Connectivity"; VariantName = "[No Variations]"
Add component (AddParameter): Name = "MP"; Value = "FSM6JSMA"; VariantName = "[No Variations]"
Add component (AddParameter): Name = "Package"; Value = "None"; VariantName = "[No Variations]"
Add component (AddParameter): Name = "SnapEDA_Link"; Value = "https://www.snapeda.com/parts/FSM6JSMA/TE%20Connectivity%20ALCOSWITCH%20Switches/view-part/522766/?ref=snap"; VariantName = "[No Variations]"
Add component (AddParameter): Name = "TE_purchase_URL"; Value = "https://www.te.com/usa-en/product-4-1437565-9.html?te_bu=Cor&te_type=disp&te_campaign=seda_glo_cor-seda-global-disp-prtnr-fy19-seda-model-bom-cta_sma-317_1&elqCampaignId=32493"; VariantName = "[No Variations]"
Add component (AddParameter): Name = "Value"; Value = ""; VariantName = "[No Variations]"
Added Component: Designator=SB5(TE_4-1437565-9)
Add component. Clean all parameters for all variants
Add component (AddParameter): Name = "Configuration_Pole-Throw"; Value = "Single Pole - Single Throw"; VariantName = "[No Variations]"
Add component (AddParameter): Name = "Contact_Current_Rating"; Value = "50 mA"; VariantName = "[No Variations]"
Add component (AddParameter): Name = "Digi-Key_Part_Number"; Value = "450-1133-ND"; VariantName = "[No Variations]"
Add component (AddParameter): Name = "Digi-Key_Purchase_URL"; Value = "https://www.digikey.com/product-detail/en/te-connectivity-alcoswitch-switches/FSM6JSMA/450-1133-ND/525822?utm_source=snapeda&utm_medium=aggregator&utm_campaign=symbol"; VariantName = "[No Variations]"
Add component (AddParameter): Name = "EU_RoHS_Compliance"; Value = "Compliant"; VariantName = "[No Variations]"
Add component (AddParameter): Name = "MF"; Value = "TE Connectivity"; VariantName = "[No Variations]"
Add component (AddParameter): Name = "MP"; Value = "FSM6JSMA"; VariantName = "[No Variations]"
Add component (AddParameter): Name = "Package"; Value = "None"; VariantName = "[No Variations]"
Add component (AddParameter): Name = "SnapEDA_Link"; Value = "https://www.snapeda.com/parts/FSM6JSMA/TE%20Connectivity%20ALCOSWITCH%20Switches/view-part/522766/?ref=snap"; VariantName = "[No Variations]"
Add component (AddParameter): Name = "TE_purchase_URL"; Value = "https://www.te.com/usa-en/product-4-1437565-9.html?te_bu=Cor&te_type=disp&te_campaign=seda_glo_cor-seda-global-disp-prtnr-fy19-seda-model-bom-cta_sma-317_1&elqCampaignId=32493"; VariantName = "[No Variations]"
Add component (AddParameter): Name = "Value"; Value = ""; VariantName = "[No Variations]"
Added Component: Designator=SB6(TE_4-1437565-9)
Add component. Clean all parameters for all variants
Add component (AddParameter): Name = "Configuration_Pole-Throw"; Value = "Single Pole - Single Throw"; VariantName = "[No Variations]"
Add component (AddParameter): Name = "Contact_Current_Rating"; Value = "50 mA"; VariantName = "[No Variations]"
Add component (AddParameter): Name = "Digi-Key_Part_Number"; Value = "450-1133-ND"; VariantName = "[No Variations]"
Add component (AddParameter): Name = "Digi-Key_Purchase_URL"; Value = "https://www.digikey.com/product-detail/en/te-connectivity-alcoswitch-switches/FSM6JSMA/450-1133-ND/525822?utm_source=snapeda&utm_medium=aggregator&utm_campaign=symbol"; VariantName = "[No Variations]"
Add component (AddParameter): Name = "EU_RoHS_Compliance"; Value = "Compliant"; VariantName = "[No Variations]"
Add component (AddParameter): Name = "MF"; Value = "TE Connectivity"; VariantName = "[No Variations]"
Add component (AddParameter): Name = "MP"; Value = "FSM6JSMA"; VariantName = "[No Variations]"
Add component (AddParameter): Name = "Package"; Value = "None"; VariantName = "[No Variations]"
Add component (AddParameter): Name = "SnapEDA_Link"; Value = "https://www.snapeda.com/parts/FSM6JSMA/TE%20Connectivity%20ALCOSWITCH%20Switches/view-part/522766/?ref=snap"; VariantName = "[No Variations]"
Add component (AddParameter): Name = "TE_purchase_URL"; Value = "https://www.te.com/usa-en/product-4-1437565-9.html?te_bu=Cor&te_type=disp&te_campaign=seda_glo_cor-seda-global-disp-prtnr-fy19-seda-model-bom-cta_sma-317_1&elqCampaignId=32493"; VariantName = "[No Variations]"
Add component (AddParameter): Name = "Value"; Value = ""; VariantName = "[No Variations]"
Added Component: Designator=SB7(TE_4-1437565-9)
Add component. Clean all parameters for all variants
Add component (AddParameter): Name = "Configuration_Pole-Throw"; Value = "Single Pole - Single Throw"; VariantName = "[No Variations]"
Add component (AddParameter): Name = "Contact_Current_Rating"; Value = "50 mA"; VariantName = "[No Variations]"
Add component (AddParameter): Name = "Digi-Key_Part_Number"; Value = "450-1133-ND"; VariantName = "[No Variations]"
Add component (AddParameter): Name = "Digi-Key_Purchase_URL"; Value = "https://www.digikey.com/product-detail/en/te-connectivity-alcoswitch-switches/FSM6JSMA/450-1133-ND/525822?utm_source=snapeda&utm_medium=aggregator&utm_campaign=symbol"; VariantName = "[No Variations]"
Add component (AddParameter): Name = "EU_RoHS_Compliance"; Value = "Compliant"; VariantName = "[No Variations]"
Add component (AddParameter): Name = "MF"; Value = "TE Connectivity"; VariantName = "[No Variations]"
Add component (AddParameter): Name = "MP"; Value = "FSM6JSMA"; VariantName = "[No Variations]"
Add component (AddParameter): Name = "Package"; Value = "None"; VariantName = "[No Variations]"
Add component (AddParameter): Name = "SnapEDA_Link"; Value = "https://www.snapeda.com/parts/FSM6JSMA/TE%20Connectivity%20ALCOSWITCH%20Switches/view-part/522766/?ref=snap"; VariantName = "[No Variations]"
Add component (AddParameter): Name = "TE_purchase_URL"; Value = "https://www.te.com/usa-en/product-4-1437565-9.html?te_bu=Cor&te_type=disp&te_campaign=seda_glo_cor-seda-global-disp-prtnr-fy19-seda-model-bom-cta_sma-317_1&elqCampaignId=32493"; VariantName = "[No Variations]"
Add component (AddParameter): Name = "Value"; Value = ""; VariantName = "[No Variations]"
Added Component: Designator=SB8(TE_4-1437565-9)
Add component. Clean all parameters for all variants
Add component (AddParameter): Name = "Configuration_Pole-Throw"; Value = "Single Pole - Single Throw"; VariantName = "[No Variations]"
Add component (AddParameter): Name = "Contact_Current_Rating"; Value = "50 mA"; VariantName = "[No Variations]"
Add component (AddParameter): Name = "Digi-Key_Part_Number"; Value = "450-1133-ND"; VariantName = "[No Variations]"
Add component (AddParameter): Name = "Digi-Key_Purchase_URL"; Value = "https://www.digikey.com/product-detail/en/te-connectivity-alcoswitch-switches/FSM6JSMA/450-1133-ND/525822?utm_source=snapeda&utm_medium=aggregator&utm_campaign=symbol"; VariantName = "[No Variations]"
Add component (AddParameter): Name = "EU_RoHS_Compliance"; Value = "Compliant"; VariantName = "[No Variations]"
Add component (AddParameter): Name = "MF"; Value = "TE Connectivity"; VariantName = "[No Variations]"
Add component (AddParameter): Name = "MP"; Value = "FSM6JSMA"; VariantName = "[No Variations]"
Add component (AddParameter): Name = "Package"; Value = "None"; VariantName = "[No Variations]"
Add component (AddParameter): Name = "SnapEDA_Link"; Value = "https://www.snapeda.com/parts/FSM6JSMA/TE%20Connectivity%20ALCOSWITCH%20Switches/view-part/522766/?ref=snap"; VariantName = "[No Variations]"
Add component (AddParameter): Name = "TE_purchase_URL"; Value = "https://www.te.com/usa-en/product-4-1437565-9.html?te_bu=Cor&te_type=disp&te_campaign=seda_glo_cor-seda-global-disp-prtnr-fy19-seda-model-bom-cta_sma-317_1&elqCampaignId=32493"; VariantName = "[No Variations]"
Add component (AddParameter): Name = "Value"; Value = ""; VariantName = "[No Variations]"
Added Component: Designator=SB9(TE_4-1437565-9)
Add component. Clean all parameters for all variants
Add component (AddParameter): Name = "Configuration_Pole-Throw"; Value = "Single Pole - Single Throw"; VariantName = "[No Variations]"
Add component (AddParameter): Name = "Contact_Current_Rating"; Value = "50 mA"; VariantName = "[No Variations]"
Add component (AddParameter): Name = "Digi-Key_Part_Number"; Value = "450-1133-ND"; VariantName = "[No Variations]"
Add component (AddParameter): Name = "Digi-Key_Purchase_URL"; Value = "https://www.digikey.com/product-detail/en/te-connectivity-alcoswitch-switches/FSM6JSMA/450-1133-ND/525822?utm_source=snapeda&utm_medium=aggregator&utm_campaign=symbol"; VariantName = "[No Variations]"
Add component (AddParameter): Name = "EU_RoHS_Compliance"; Value = "Compliant"; VariantName = "[No Variations]"
Add component (AddParameter): Name = "MF"; Value = "TE Connectivity"; VariantName = "[No Variations]"
Add component (AddParameter): Name = "MP"; Value = "FSM6JSMA"; VariantName = "[No Variations]"
Add component (AddParameter): Name = "Package"; Value = "None"; VariantName = "[No Variations]"
Add component (AddParameter): Name = "SnapEDA_Link"; Value = "https://www.snapeda.com/parts/FSM6JSMA/TE%20Connectivity%20ALCOSWITCH%20Switches/view-part/522766/?ref=snap"; VariantName = "[No Variations]"
Add component (AddParameter): Name = "TE_purchase_URL"; Value = "https://www.te.com/usa-en/product-4-1437565-9.html?te_bu=Cor&te_type=disp&te_campaign=seda_glo_cor-seda-global-disp-prtnr-fy19-seda-model-bom-cta_sma-317_1&elqCampaignId=32493"; VariantName = "[No Variations]"
Add component (AddParameter): Name = "Value"; Value = ""; VariantName = "[No Variations]"
Added Component: Designator=SB10(TE_4-1437565-9)
Add component. Clean all parameters for all variants
Add component (AddParameter): Name = "Configuration_Pole-Throw"; Value = "Single Pole - Single Throw"; VariantName = "[No Variations]"
Add component (AddParameter): Name = "Contact_Current_Rating"; Value = "50 mA"; VariantName = "[No Variations]"
Add component (AddParameter): Name = "Digi-Key_Part_Number"; Value = "450-1133-ND"; VariantName = "[No Variations]"
Add component (AddParameter): Name = "Digi-Key_Purchase_URL"; Value = "https://www.digikey.com/product-detail/en/te-connectivity-alcoswitch-switches/FSM6JSMA/450-1133-ND/525822?utm_source=snapeda&utm_medium=aggregator&utm_campaign=symbol"; VariantName = "[No Variations]"
Add component (AddParameter): Name = "EU_RoHS_Compliance"; Value = "Compliant"; VariantName = "[No Variations]"
Add component (AddParameter): Name = "MF"; Value = "TE Connectivity"; VariantName = "[No Variations]"
Add component (AddParameter): Name = "MP"; Value = "FSM6JSMA"; VariantName = "[No Variations]"
Add component (AddParameter): Name = "Package"; Value = "None"; VariantName = "[No Variations]"
Add component (AddParameter): Name = "SnapEDA_Link"; Value = "https://www.snapeda.com/parts/FSM6JSMA/TE%20Connectivity%20ALCOSWITCH%20Switches/view-part/522766/?ref=snap"; VariantName = "[No Variations]"
Add component (AddParameter): Name = "TE_purchase_URL"; Value = "https://www.te.com/usa-en/product-4-1437565-9.html?te_bu=Cor&te_type=disp&te_campaign=seda_glo_cor-seda-global-disp-prtnr-fy19-seda-model-bom-cta_sma-317_1&elqCampaignId=32493"; VariantName = "[No Variations]"
Add component (AddParameter): Name = "Value"; Value = ""; VariantName = "[No Variations]"
Added Component: Designator=SB11(TE_4-1437565-9)
Add component. Clean all parameters for all variants
Add component (AddParameter): Name = "Configuration_Pole-Throw"; Value = "Single Pole - Single Throw"; VariantName = "[No Variations]"
Add component (AddParameter): Name = "Contact_Current_Rating"; Value = "50 mA"; VariantName = "[No Variations]"
Add component (AddParameter): Name = "Digi-Key_Part_Number"; Value = "450-1133-ND"; VariantName = "[No Variations]"
Add component (AddParameter): Name = "Digi-Key_Purchase_URL"; Value = "https://www.digikey.com/product-detail/en/te-connectivity-alcoswitch-switches/FSM6JSMA/450-1133-ND/525822?utm_source=snapeda&utm_medium=aggregator&utm_campaign=symbol"; VariantName = "[No Variations]"
Add component (AddParameter): Name = "EU_RoHS_Compliance"; Value = "Compliant"; VariantName = "[No Variations]"
Add component (AddParameter): Name = "MF"; Value = "TE Connectivity"; VariantName = "[No Variations]"
Add component (AddParameter): Name = "MP"; Value = "FSM6JSMA"; VariantName = "[No Variations]"
Add component (AddParameter): Name = "Package"; Value = "None"; VariantName = "[No Variations]"
Add component (AddParameter): Name = "SnapEDA_Link"; Value = "https://www.snapeda.com/parts/FSM6JSMA/TE%20Connectivity%20ALCOSWITCH%20Switches/view-part/522766/?ref=snap"; VariantName = "[No Variations]"
Add component (AddParameter): Name = "TE_purchase_URL"; Value = "https://www.te.com/usa-en/product-4-1437565-9.html?te_bu=Cor&te_type=disp&te_campaign=seda_glo_cor-seda-global-disp-prtnr-fy19-seda-model-bom-cta_sma-317_1&elqCampaignId=32493"; VariantName = "[No Variations]"
Add component (AddParameter): Name = "Value"; Value = ""; VariantName = "[No Variations]"
Added Component: Designator=SB12(TE_4-1437565-9)
Add component. Clean all parameters for all variants
Add component (AddParameter): Name = "Configuration_Pole-Throw"; Value = "Single Pole - Single Throw"; VariantName = "[No Variations]"
Add component (AddParameter): Name = "Contact_Current_Rating"; Value = "50 mA"; VariantName = "[No Variations]"
Add component (AddParameter): Name = "Digi-Key_Part_Number"; Value = "450-1133-ND"; VariantName = "[No Variations]"
Add component (AddParameter): Name = "Digi-Key_Purchase_URL"; Value = "https://www.digikey.com/product-detail/en/te-connectivity-alcoswitch-switches/FSM6JSMA/450-1133-ND/525822?utm_source=snapeda&utm_medium=aggregator&utm_campaign=symbol"; VariantName = "[No Variations]"
Add component (AddParameter): Name = "EU_RoHS_Compliance"; Value = "Compliant"; VariantName = "[No Variations]"
Add component (AddParameter): Name = "MF"; Value = "TE Connectivity"; VariantName = "[No Variations]"
Add component (AddParameter): Name = "MP"; Value = "FSM6JSMA"; VariantName = "[No Variations]"
Add component (AddParameter): Name = "Package"; Value = "None"; VariantName = "[No Variations]"
Add component (AddParameter): Name = "SnapEDA_Link"; Value = "https://www.snapeda.com/parts/FSM6JSMA/TE%20Connectivity%20ALCOSWITCH%20Switches/view-part/522766/?ref=snap"; VariantName = "[No Variations]"
Add component (AddParameter): Name = "TE_purchase_URL"; Value = "https://www.te.com/usa-en/product-4-1437565-9.html?te_bu=Cor&te_type=disp&te_campaign=seda_glo_cor-seda-global-disp-prtnr-fy19-seda-model-bom-cta_sma-317_1&elqCampaignId=32493"; VariantName = "[No Variations]"
Add component (AddParameter): Name = "Value"; Value = ""; VariantName = "[No Variations]"
Added Component: Designator=SB13(TE_4-1437565-9)
Add component. Clean all parameters for all variants
Add component (AddParameter): Name = "Configuration_Pole-Throw"; Value = "Single Pole - Single Throw"; VariantName = "[No Variations]"
Add component (AddParameter): Name = "Contact_Current_Rating"; Value = "50 mA"; VariantName = "[No Variations]"
Add component (AddParameter): Name = "Digi-Key_Part_Number"; Value = "450-1133-ND"; VariantName = "[No Variations]"
Add component (AddParameter): Name = "Digi-Key_Purchase_URL"; Value = "https://www.digikey.com/product-detail/en/te-connectivity-alcoswitch-switches/FSM6JSMA/450-1133-ND/525822?utm_source=snapeda&utm_medium=aggregator&utm_campaign=symbol"; VariantName = "[No Variations]"
Add component (AddParameter): Name = "EU_RoHS_Compliance"; Value = "Compliant"; VariantName = "[No Variations]"
Add component (AddParameter): Name = "MF"; Value = "TE Connectivity"; VariantName = "[No Variations]"
Add component (AddParameter): Name = "MP"; Value = "FSM6JSMA"; VariantName = "[No Variations]"
Add component (AddParameter): Name = "Package"; Value = "None"; VariantName = "[No Variations]"
Add component (AddParameter): Name = "SnapEDA_Link"; Value = "https://www.snapeda.com/parts/FSM6JSMA/TE%20Connectivity%20ALCOSWITCH%20Switches/view-part/522766/?ref=snap"; VariantName = "[No Variations]"
Add component (AddParameter): Name = "TE_purchase_URL"; Value = "https://www.te.com/usa-en/product-4-1437565-9.html?te_bu=Cor&te_type=disp&te_campaign=seda_glo_cor-seda-global-disp-prtnr-fy19-seda-model-bom-cta_sma-317_1&elqCampaignId=32493"; VariantName = "[No Variations]"
Add component (AddParameter): Name = "Value"; Value = ""; VariantName = "[No Variations]"
Added Component: Designator=XS1(CUI_PJ-038B)
Add component. Clean all parameters for all variants
Add component (AddParameter): Name = "Availability"; Value = "Unavailable"; VariantName = "[No Variations]"
Add component (AddParameter): Name = "MF"; Value = "CUI Devices"; VariantName = "[No Variations]"
Add component (AddParameter): Name = "MP"; Value = "PJ-038B"; VariantName = "[No Variations]"
Add component (AddParameter): Name = "Package"; Value = "None"; VariantName = "[No Variations]"
Add component (AddParameter): Name = "Price"; Value = "None"; VariantName = "[No Variations]"
Add component (AddParameter): Name = "SnapEDA_Link"; Value = "https://www.snapeda.com/parts/PJ-038B/CUI%20Devices/view-part/1494366/?ref=snap"; VariantName = "[No Variations]"
Add component (AddParameter): Name = "Value"; Value = ""; VariantName = "[No Variations]"
Added Component: Designator=XS2(SAMTEC_USB-B-S-X-X-TH)
Add component. Clean all parameters for all variants
Add component (AddParameter): Name = "Availability"; Value = "Unavailable"; VariantName = "[No Variations]"
Add component (AddParameter): Name = "MF"; Value = "Samtec"; VariantName = "[No Variations]"
Add component (AddParameter): Name = "MP"; Value = "USB-B-S-S-B-TH"; VariantName = "[No Variations]"
Add component (AddParameter): Name = "Package"; Value = "None"; VariantName = "[No Variations]"
Add component (AddParameter): Name = "Price"; Value = "None"; VariantName = "[No Variations]"
Add component (AddParameter): Name = "SnapEDA_Link"; Value = "https://www.snapeda.com/parts/USB-B-S-S-B-TH/Samtec%20Inc./view-part/230656/?ref=snap"; VariantName = "[No Variations]"
Add component (AddParameter): Name = "Toby_UK-Purchase-URL"; Value = "https://snapeda.com/shop?store=Toby+UK&id=230656"; VariantName = "[No Variations]"
Add component (AddParameter): Name = "Value"; Value = ""; VariantName = "[No Variations]"
Added Component: Designator=XS3(MOLEX-1X6)
Add component. Clean all parameters for all variants
Add component (AddParameter): Name = "Availability"; Value = "Unavailable"; VariantName = "[No Variations]"
Add component (AddParameter): Name = "MF"; Value = "Olimex LTD"; VariantName = "[No Variations]"
Add component (AddParameter): Name = "MP"; Value = "PIC-ICSP"; VariantName = "[No Variations]"
Add component (AddParameter): Name = "Package"; Value = "None"; VariantName = "[No Variations]"
Add component (AddParameter): Name = "Price"; Value = "None"; VariantName = "[No Variations]"
Add component (AddParameter): Name = "SnapEDA_Link"; Value = "https://www.snapeda.com/parts/PIC-ICSP/Olimex%20LTD/view-part/53514/?ref=snap"; VariantName = "[No Variations]"
Add component (AddParameter): Name = "Value"; Value = ""; VariantName = "[No Variations]"
Added Component: Designator=XS4(SAMTEC_TW-02-03-T-D-335-100)
Add component. Clean all parameters for all variants
Add component (AddParameter): Name = "Availability"; Value = "Bad"; VariantName = "[No Variations]"
Add component (AddParameter): Name = "Check_prices"; Value = "https://www.snapeda.com/parts/TW-02-03-T-D-335-100/Samtec/view-part/3263296/?ref=eda"; VariantName = "[No Variations]"
Add component (AddParameter): Name = "MF"; Value = "Samtec"; VariantName = "[No Variations]"
Add component (AddParameter): Name = "MP"; Value = "TW-02-03-T-D-335-100"; VariantName = "[No Variations]"
Add component (AddParameter): Name = "Package"; Value = "None"; VariantName = "[No Variations]"
Add component (AddParameter): Name = "Price"; Value = "None"; VariantName = "[No Variations]"
Add component (AddParameter): Name = "Purchase-URL"; Value = "https://pricing.snapeda.com/search/part/TW-02-03-T-D-335-100/?ref=eda"; VariantName = "[No Variations]"
Add component (AddParameter): Name = "SnapEDA_Link"; Value = "https://www.snapeda.com/parts/TW-02-03-T-D-335-100/Samtec/view-part/3263296/?ref=snap"; VariantName = "[No Variations]"
Add component (AddParameter): Name = "Value"; Value = ""; VariantName = "[No Variations]"
Added Component: Designator=XS5(SAMTEC_TW-02-03-T-D-335-100)
Add component. Clean all parameters for all variants
Add component (AddParameter): Name = "Availability"; Value = "Bad"; VariantName = "[No Variations]"
Add component (AddParameter): Name = "Check_prices"; Value = "https://www.snapeda.com/parts/TW-02-03-T-D-335-100/Samtec/view-part/3263296/?ref=eda"; VariantName = "[No Variations]"
Add component (AddParameter): Name = "MF"; Value = "Samtec"; VariantName = "[No Variations]"
Add component (AddParameter): Name = "MP"; Value = "TW-02-03-T-D-335-100"; VariantName = "[No Variations]"
Add component (AddParameter): Name = "Package"; Value = "None"; VariantName = "[No Variations]"
Add component (AddParameter): Name = "Price"; Value = "None"; VariantName = "[No Variations]"
Add component (AddParameter): Name = "Purchase-URL"; Value = "https://pricing.snapeda.com/search/part/TW-02-03-T-D-335-100/?ref=eda"; VariantName = "[No Variations]"
Add component (AddParameter): Name = "SnapEDA_Link"; Value = "https://www.snapeda.com/parts/TW-02-03-T-D-335-100/Samtec/view-part/3263296/?ref=snap"; VariantName = "[No Variations]"
Add component (AddParameter): Name = "Value"; Value = ""; VariantName = "[No Variations]"
Added Component: Designator=XS6(SAMTEC_TW-02-03-T-D-335-100)
Add component. Clean all parameters for all variants
Add component (AddParameter): Name = "Availability"; Value = "Bad"; VariantName = "[No Variations]"
Add component (AddParameter): Name = "Check_prices"; Value = "https://www.snapeda.com/parts/TW-02-03-T-D-335-100/Samtec/view-part/3263296/?ref=eda"; VariantName = "[No Variations]"
Add component (AddParameter): Name = "MF"; Value = "Samtec"; VariantName = "[No Variations]"
Add component (AddParameter): Name = "MP"; Value = "TW-02-03-T-D-335-100"; VariantName = "[No Variations]"
Add component (AddParameter): Name = "Package"; Value = "None"; VariantName = "[No Variations]"
Add component (AddParameter): Name = "Price"; Value = "None"; VariantName = "[No Variations]"
Add component (AddParameter): Name = "Purchase-URL"; Value = "https://pricing.snapeda.com/search/part/TW-02-03-T-D-335-100/?ref=eda"; VariantName = "[No Variations]"
Add component (AddParameter): Name = "SnapEDA_Link"; Value = "https://www.snapeda.com/parts/TW-02-03-T-D-335-100/Samtec/view-part/3263296/?ref=snap"; VariantName = "[No Variations]"
Add component (AddParameter): Name = "Value"; Value = ""; VariantName = "[No Variations]"
Added Component: Designator=XS7(SAMTEC_TW-02-03-T-D-335-100)
Add component. Clean all parameters for all variants
Add component (AddParameter): Name = "Availability"; Value = "Bad"; VariantName = "[No Variations]"
Add component (AddParameter): Name = "Check_prices"; Value = "https://www.snapeda.com/parts/TW-02-03-T-D-335-100/Samtec/view-part/3263296/?ref=eda"; VariantName = "[No Variations]"
Add component (AddParameter): Name = "MF"; Value = "Samtec"; VariantName = "[No Variations]"
Add component (AddParameter): Name = "MP"; Value = "TW-02-03-T-D-335-100"; VariantName = "[No Variations]"
Add component (AddParameter): Name = "Package"; Value = "None"; VariantName = "[No Variations]"
Add component (AddParameter): Name = "Price"; Value = "None"; VariantName = "[No Variations]"
Add component (AddParameter): Name = "Purchase-URL"; Value = "https://pricing.snapeda.com/search/part/TW-02-03-T-D-335-100/?ref=eda"; VariantName = "[No Variations]"
Add component (AddParameter): Name = "SnapEDA_Link"; Value = "https://www.snapeda.com/parts/TW-02-03-T-D-335-100/Samtec/view-part/3263296/?ref=snap"; VariantName = "[No Variations]"
Add component (AddParameter): Name = "Value"; Value = ""; VariantName = "[No Variations]"
Added Component: Designator=XS8(SAMTEC_TW-03-12-L-S-765-200)
Add component. Clean all parameters for all variants
Add component (AddParameter): Name = "Availability"; Value = "Warning"; VariantName = "[No Variations]"
Add component (AddParameter): Name = "Check_prices"; Value = "https://www.snapeda.com/parts/TW-03-12-L-S-765-200/Samtec/view-part/3584672/?ref=eda"; VariantName = "[No Variations]"
Add component (AddParameter): Name = "MF"; Value = "Samtec"; VariantName = "[No Variations]"
Add component (AddParameter): Name = "MP"; Value = "TW-03-12-L-S-765-200"; VariantName = "[No Variations]"
Add component (AddParameter): Name = "Package"; Value = "None"; VariantName = "[No Variations]"
Add component (AddParameter): Name = "Price"; Value = "None"; VariantName = "[No Variations]"
Add component (AddParameter): Name = "Purchase-URL"; Value = "https://pricing.snapeda.com/search/part/TW-03-12-L-S-765-200/?ref=eda"; VariantName = "[No Variations]"
Add component (AddParameter): Name = "SnapEDA_Link"; Value = "https://www.snapeda.com/parts/TW-03-12-L-S-765-200/Samtec/view-part/3584672/?ref=snap"; VariantName = "[No Variations]"
Add component (AddParameter): Name = "Value"; Value = ""; VariantName = "[No Variations]"
Added Component: Designator=ZQ1(XTAL500X320X130N)
Add component. Clean all parameters for all variants
Add component (AddParameter): Name = "Check_prices"; Value = "https://www.snapeda.com/parts/ABM3-16.000MHZ-B4Y-T/Abracon%20LLC/view-part/552784/?ref=eda"; VariantName = "[No Variations]"
Add component (AddParameter): Name = "Digi-Key_Part_Number"; Value = "535-13579-1-ND"; VariantName = "[No Variations]"
Add component (AddParameter): Name = "MF"; Value = "Abracon"; VariantName = "[No Variations]"
Add component (AddParameter): Name = "MP"; Value = "ABM3-16.000MHZ-B4Y-T"; VariantName = "[No Variations]"
Add component (AddParameter): Name = "Package"; Value = "SMD-2 Abracon"; VariantName = "[No Variations]"
Add component (AddParameter): Name = "Purchase-URL"; Value = "https://pricing.snapeda.com/search/part/ABM3-16.000MHZ-B4Y-T/?ref=eda"; VariantName = "[No Variations]"
Add component (AddParameter): Name = "SnapEDA_Link"; Value = "https://www.snapeda.com/parts/ABM3-16.000MHZ-B4Y-T/Abracon%20LLC/view-part/552784/?ref=snap"; VariantName = "[No Variations]"
Add component (AddParameter): Name = "Value"; Value = ""; VariantName = "[No Variations]"
Added Component: Designator=ZQ2(XTAL500X320X130N)
Add component. Clean all parameters for all variants
Add component (AddParameter): Name = "Check_prices"; Value = "https://www.snapeda.com/parts/ABM3-16.000MHZ-B4Y-T/Abracon%20LLC/view-part/552784/?ref=eda"; VariantName = "[No Variations]"
Add component (AddParameter): Name = "Digi-Key_Part_Number"; Value = "535-13579-1-ND"; VariantName = "[No Variations]"
Add component (AddParameter): Name = "MF"; Value = "Abracon"; VariantName = "[No Variations]"
Add component (AddParameter): Name = "MP"; Value = "ABM3-16.000MHZ-B4Y-T"; VariantName = "[No Variations]"
Add component (AddParameter): Name = "Package"; Value = "SMD-2 Abracon"; VariantName = "[No Variations]"
Add component (AddParameter): Name = "Purchase-URL"; Value = "https://pricing.snapeda.com/search/part/ABM3-16.000MHZ-B4Y-T/?ref=eda"; VariantName = "[No Variations]"
Add component (AddParameter): Name = "SnapEDA_Link"; Value = "https://www.snapeda.com/parts/ABM3-16.000MHZ-B4Y-T/Abracon%20LLC/view-part/552784/?ref=snap"; VariantName = "[No Variations]"
Add component (AddParameter): Name = "Value"; Value = ""; VariantName = "[No Variations]"
Added Pin To Net: NetName=Net*T1_1 Pin=*T1-1
Added Pin To Net: NetName=VCC Pin=*T1-2
Added Pin To Net: NetName=Net*T1_3 Pin=*T1-3
Added Pin To Net: NetName=GND Pin=BA1-N
Added Pin To Net: NetName=NetBA1_P Pin=BA1-P
Added Pin To Net: NetName=GND Pin=C1-N
Added Pin To Net: NetName=VCC Pin=C1-P
Added Pin To Net: NetName=GND Pin=C2-N
Added Pin To Net: NetName=VCC Pin=C2-P
Added Pin To Net: NetName=GND Pin=C3-1
Added Pin To Net: NetName=VCC Pin=C3-2
Added Pin To Net: NetName=GND Pin=C4-1
Added Pin To Net: NetName=VCC Pin=C4-2
Added Pin To Net: NetName=GND Pin=C5-1
Added Pin To Net: NetName=NetC5_2 Pin=C5-2
Added Pin To Net: NetName=GND Pin=C6-1
Added Pin To Net: NetName=NetC6_2 Pin=C6-2
Added Pin To Net: NetName=VCC Pin=C7-1
Added Pin To Net: NetName=NetC7_2 Pin=C7-2
Added Pin To Net: NetName=GND Pin=C8-1
Added Pin To Net: NetName=NetC8_2 Pin=C8-2
Added Pin To Net: NetName=GND Pin=C9-1
Added Pin To Net: NetName=VCC Pin=C9-2
Added Pin To Net: NetName=GND Pin=C10-1
Added Pin To Net: NetName=NetC10_2 Pin=C10-2
Added Pin To Net: NetName=GND Pin=C11-1
Added Pin To Net: NetName=NetC11_2 Pin=C11-2
Added Pin To Net: NetName=NetD1_A Pin=D1-A
Added Pin To Net: NetName=VCC Pin=D1-C
Added Pin To Net: NetName=NetD2_2 Pin=D2-2
Added Pin To Net: NetName=GND Pin=D2-4
Added Pin To Net: NetName=NetD3_2 Pin=D3-2
Added Pin To Net: NetName=GND Pin=D3-4
Added Pin To Net: NetName=NetD4_2 Pin=D4-2
Added Pin To Net: NetName=NetD4_4 Pin=D4-4
Added Pin To Net: NetName=NetD5_2 Pin=D5-2
Added Pin To Net: NetName=NetD4_4 Pin=D5-4
Added Pin To Net: NetName=NetD6_2 Pin=D6-2
Added Pin To Net: NetName=NetD6_4 Pin=D6-4
Added Pin To Net: NetName=NetD7_2 Pin=D7-2
Added Pin To Net: NetName=NetD7_4 Pin=D7-4
Added Pin To Net: NetName=GND Pin=DA1-1
Added Pin To Net: NetName=VCC Pin=DA1-2
Added Pin To Net: NetName=VCC Pin=DA1-3
Added Pin To Net: NetName=VCC Pin=DA1-4
Added Pin To Net: NetName=Net*T1_1 Pin=DA2-1
Added Pin To Net: NetName=VCC Pin=DA2-2
Added Pin To Net: NetName=NetDA2_3 Pin=DA2-3
Added Pin To Net: NetName=GND Pin=DA2-4
Added Pin To Net: NetName=NetD6_4 Pin=DA2-5
Added Pin To Net: NetName=NetDA2_6 Pin=DA2-6
Added Pin To Net: NetName=NetDA2_6 Pin=DA2-7
Added Pin To Net: NetName=VCC Pin=DA2-8
Added Pin To Net: NetName=GND Pin=DD1-1
Added Pin To Net: NetName=NetDD1_2 Pin=DD1-2
Added Pin To Net: NetName=NetDD1_3 Pin=DD1-3
Added Pin To Net: NetName=NetC7_2 Pin=DD1-4
Added Pin To Net: NetName=NetDD1_5 Pin=DD1-5
Added Pin To Net: NetName=NetDD1_6 Pin=DD1-6
Added Pin To Net: NetName=NetC5_2 Pin=DD1-7
Added Pin To Net: NetName=NetC6_2 Pin=DD1-8
Added Pin To Net: NetName=NetDD1_9 Pin=DD1-9
Added Pin To Net: NetName=NetDD1_10 Pin=DD1-10
Added Pin To Net: NetName=NetDD1_11 Pin=DD1-11
Added Pin To Net: NetName=NetDD1_12 Pin=DD1-12
Added Pin To Net: NetName=VCC Pin=DD1-16
Added Pin To Net: NetName=GND Pin=DD2-1
Added Pin To Net: NetName=GND Pin=DD2-2
Added Pin To Net: NetName=GND Pin=DD2-3
Added Pin To Net: NetName=NetDD2_4 Pin=DD2-4
Added Pin To Net: NetName=NetDD2_5 Pin=DD2-5
Added Pin To Net: NetName=NetDD2_6 Pin=DD2-6
Added Pin To Net: NetName=NetDD2_9 Pin=DD2-9
Added Pin To Net: NetName=NetDD2_10 Pin=DD2-10
Added Pin To Net: NetName=NetDD2_11 Pin=DD2-11
Added Pin To Net: NetName=NetDD2_12 Pin=DD2-12
Added Pin To Net: NetName=NetDD2_14 Pin=DD2-14
Added Pin To Net: NetName=NetDD2_15 Pin=DD2-15
Added Pin To Net: NetName=NetDD3_1 Pin=DD3-1
Added Pin To Net: NetName=NetBA1_P Pin=DD3-2
Added Pin To Net: NetName=GND Pin=DD3-3
Added Pin To Net: NetName=VCC Pin=DD3-4
Added Pin To Net: NetName=GND Pin=DD3-5
Added Pin To Net: NetName=VCC Pin=DD3-6
Added Pin To Net: NetName=NetC8_2 Pin=DD3-7
Added Pin To Net: NetName=NetC11_2 Pin=DD3-8
Added Pin To Net: NetName=NetDD3_9 Pin=DD3-9
Added Pin To Net: NetName=NetDD3_10 Pin=DD3-10
Added Pin To Net: NetName=NetDD3_11 Pin=DD3-11
Added Pin To Net: NetName=NetDD3_12 Pin=DD3-12
Added Pin To Net: NetName=NetDD3_13 Pin=DD3-13
Added Pin To Net: NetName=NetDD3_15 Pin=DD3-15
Added Pin To Net: NetName=NetD7_4 Pin=DD3-16
Added Pin To Net: NetName=NetD6_4 Pin=DD3-17
Added Pin To Net: NetName=VCC Pin=DD3-18
Added Pin To Net: NetName=NetC10_2 Pin=DD3-20
Added Pin To Net: NetName=GND Pin=DD3-21
Added Pin To Net: NetName=NetD5_2 Pin=DD3-25
Added Pin To Net: NetName=NetD4_2 Pin=DD3-26
Added Pin To Net: NetName=NetDD2_15 Pin=DD3-27
Added Pin To Net: NetName=NetDD2_14 Pin=DD3-28
Added Pin To Net: NetName=NetDD3_29 Pin=DD3-29
Added Pin To Net: NetName=NetD6_4 Pin=DD3-30
Added Pin To Net: NetName=NetD7_4 Pin=DD3-31
Added Pin To Net: NetName=NetDD3_32 Pin=DD3-32
Added Pin To Net: NetName=GND Pin=HL1-1
Added Pin To Net: NetName=NetDD2_4 Pin=HL1-4
Added Pin To Net: NetName=NetDD2_5 Pin=HL1-5
Added Pin To Net: NetName=NetDD2_6 Pin=HL1-6
Added Pin To Net: NetName=NetDD2_9 Pin=HL1-11
Added Pin To Net: NetName=NetDD2_10 Pin=HL1-12
Added Pin To Net: NetName=NetDD2_11 Pin=HL1-13
Added Pin To Net: NetName=NetDD2_12 Pin=HL1-14
Added Pin To Net: NetName=VCC Pin=PS1-1
Added Pin To Net: NetName=NetDD3_11 Pin=PS1-2
Added Pin To Net: NetName=NetDD3_10 Pin=PS1-3
Added Pin To Net: NetName=GND Pin=PS1-4
Added Pin To Net: NetName=NetDA2_3 Pin=R1-1
Added Pin To Net: NetName=VCC Pin=R1-2
Added Pin To Net: NetName=GND Pin=R2-1
Added Pin To Net: NetName=NetDA2_3 Pin=R2-2
Added Pin To Net: NetName=NetDD3_29 Pin=R3-1
Added Pin To Net: NetName=VCC Pin=R3-2
Added Pin To Net: NetName=NetDA2_6 Pin=R4-1
Added Pin To Net: NetName=NetD2_2 Pin=R4-2
Added Pin To Net: NetName=NetDD3_29 Pin=R5-1
Added Pin To Net: NetName=VCC Pin=R5-2
Added Pin To Net: NetName=NetD3_2 Pin=R6-1
Added Pin To Net: NetName=VCC Pin=R6-2
Added Pin To Net: NetName=NetC11_2 Pin=R7-1
Added Pin To Net: NetName=NetC8_2 Pin=R7-2
Added Pin To Net: NetName=NetDD1_3 Pin=R8-1
Added Pin To Net: NetName=NetD6_4 Pin=R8-2
Added Pin To Net: NetName=NetD4_4 Pin=R9-1
Added Pin To Net: NetName=GND Pin=R9-2
Added Pin To Net: NetName=NetD6_2 Pin=R10-1
Added Pin To Net: NetName=VCC Pin=R10-2
Added Pin To Net: NetName=NetDD1_2 Pin=R11-1
Added Pin To Net: NetName=NetD7_4 Pin=R11-2
Added Pin To Net: NetName=NetD7_2 Pin=R12-1
Added Pin To Net: NetName=VCC Pin=R12-2
Added Pin To Net: NetName=GND Pin=SB1-1
Added Pin To Net: NetName=NetDD3_29 Pin=SB1-3
Added Pin To Net: NetName=NetDD3_1 Pin=SB2-1
Added Pin To Net: NetName=NetDD3_15 Pin=SB2-3
Added Pin To Net: NetName=NetDD3_32 Pin=SB3-1
Added Pin To Net: NetName=NetDD3_15 Pin=SB3-3
Added Pin To Net: NetName=NetD7_4 Pin=SB4-1
Added Pin To Net: NetName=NetDD3_15 Pin=SB4-3
Added Pin To Net: NetName=NetD6_4 Pin=SB5-1
Added Pin To Net: NetName=NetDD3_15 Pin=SB5-3
Added Pin To Net: NetName=NetDD3_1 Pin=SB6-1
Added Pin To Net: NetName=NetD7_4 Pin=SB6-3
Added Pin To Net: NetName=NetDD3_32 Pin=SB7-1
Added Pin To Net: NetName=NetD7_4 Pin=SB7-3
Added Pin To Net: NetName=NetD7_4 Pin=SB8-1
Added Pin To Net: NetName=NetD7_4 Pin=SB8-3
Added Pin To Net: NetName=NetD6_4 Pin=SB9-1
Added Pin To Net: NetName=NetD7_4 Pin=SB9-3
Added Pin To Net: NetName=NetDD3_1 Pin=SB10-1
Added Pin To Net: NetName=NetD6_4 Pin=SB10-3
Added Pin To Net: NetName=NetDD3_32 Pin=SB11-1
Added Pin To Net: NetName=NetD6_4 Pin=SB11-3
Added Pin To Net: NetName=NetD7_4 Pin=SB12-1
Added Pin To Net: NetName=NetD6_4 Pin=SB12-3
Added Pin To Net: NetName=NetD6_4 Pin=SB13-1
Added Pin To Net: NetName=NetD6_4 Pin=SB13-3
Added Pin To Net: NetName=GND Pin=XS1-1
Added Pin To Net: NetName=NetD1_A Pin=XS1-2
Added Pin To Net: NetName=GND Pin=XS1-3
Added Pin To Net: NetName=Net*T1_3 Pin=XS2-1
Added Pin To Net: NetName=NetDD1_6 Pin=XS2-2
Added Pin To Net: NetName=NetDD1_5 Pin=XS2-3
Added Pin To Net: NetName=GND Pin=XS2-4
Added Pin To Net: NetName=NetD6_4 Pin=XS3-1
Added Pin To Net: NetName=NetDD3_29 Pin=XS3-2
Added Pin To Net: NetName=NetDD3_15 Pin=XS3-3
Added Pin To Net: NetName=GND Pin=XS3-4
Added Pin To Net: NetName=VCC Pin=XS3-5
Added Pin To Net: NetName=NetD7_4 Pin=XS3-6
Added Pin To Net: NetName=VCC Pin=XS4-01
Added Pin To Net: NetName=NetDD3_12 Pin=XS4-02
Added Pin To Net: NetName=NetDD3_13 Pin=XS4-03
Added Pin To Net: NetName=GND Pin=XS4-04
Added Pin To Net: NetName=NetDD1_11 Pin=XS5-01
Added Pin To Net: NetName=NetDD1_12 Pin=XS5-02
Added Pin To Net: NetName=NetDD1_10 Pin=XS5-03
Added Pin To Net: NetName=NetDD1_9 Pin=XS5-04
Added Pin To Net: NetName=NetDD2_14 Pin=XS6-01
Added Pin To Net: NetName=NetDD2_15 Pin=XS6-02
Added Pin To Net: NetName=VCC Pin=XS6-03
Added Pin To Net: NetName=GND Pin=XS6-04
Added Pin To Net: NetName=NetD6_4 Pin=XS7-01
Added Pin To Net: NetName=NetD7_4 Pin=XS7-02
Added Pin To Net: NetName=VCC Pin=XS7-03
Added Pin To Net: NetName=GND Pin=XS7-04
Added Pin To Net: NetName=VCC Pin=XS8-01
Added Pin To Net: NetName=NetDD3_9 Pin=XS8-02
Added Pin To Net: NetName=GND Pin=XS8-03
Added Pin To Net: NetName=NetC6_2 Pin=ZQ1-2
Added Pin To Net: NetName=NetC11_2 Pin=ZQ2-2
Added Member To Class: ClassName=Sheet1 Member=Component *T1 *
Added Member To Class: ClassName=Sheet1 Member=Component BA1 *
Added Member To Class: ClassName=Sheet1 Member=Component C1 UPM1C152MHD
Added Member To Class: ClassName=Sheet1 Member=Component C2 UPM1C152MHD
Added Member To Class: ClassName=Sheet1 Member=Component C3 *
Added Member To Class: ClassName=Sheet1 Member=Component C4 *
Added Member To Class: ClassName=Sheet1 Member=Component C5 *
Added Member To Class: ClassName=Sheet1 Member=Component C6 *
Added Member To Class: ClassName=Sheet1 Member=Component C7 *
Added Member To Class: ClassName=Sheet1 Member=Component C8 *
Added Member To Class: ClassName=Sheet1 Member=Component C9 *
Added Member To Class: ClassName=Sheet1 Member=Component C10 *
Added Member To Class: ClassName=Sheet1 Member=Component C11 *
Added Member To Class: ClassName=Sheet1 Member=Component D1 *
Added Member To Class: ClassName=Sheet1 Member=Component D2 *
Added Member To Class: ClassName=Sheet1 Member=Component D3 *
Added Member To Class: ClassName=Sheet1 Member=Component D4 *
Added Member To Class: ClassName=Sheet1 Member=Component D5 *
Added Member To Class: ClassName=Sheet1 Member=Component D6 *
Added Member To Class: ClassName=Sheet1 Member=Component D7 *
Added Member To Class: ClassName=Sheet1 Member=Component DA1 *
Added Member To Class: ClassName=Sheet1 Member=Component DA2 *
Added Member To Class: ClassName=Sheet1 Member=Component DD1 *
Added Member To Class: ClassName=Sheet1 Member=Component DD2 *
Added Member To Class: ClassName=Sheet1 Member=Component DD3 *
Added Member To Class: ClassName=Sheet1 Member=Component HL1 *
Added Member To Class: ClassName=Sheet1 Member=Component PS1 *
Added Member To Class: ClassName=Sheet1 Member=Component R1 *
Added Member To Class: ClassName=Sheet1 Member=Component R2 *
Added Member To Class: ClassName=Sheet1 Member=Component R3 *
Added Member To Class: ClassName=Sheet1 Member=Component R4 *
Added Member To Class: ClassName=Sheet1 Member=Component R5 *
Added Member To Class: ClassName=Sheet1 Member=Component R6 *
Added Member To Class: ClassName=Sheet1 Member=Component R7 *
Added Member To Class: ClassName=Sheet1 Member=Component R8 *
Added Member To Class: ClassName=Sheet1 Member=Component R9 *
Added Member To Class: ClassName=Sheet1 Member=Component R10 *
Added Member To Class: ClassName=Sheet1 Member=Component R11 *
Added Member To Class: ClassName=Sheet1 Member=Component R12 *
Added Member To Class: ClassName=Sheet1 Member=Component SB1 4-1437565-9
Added Member To Class: ClassName=Sheet1 Member=Component SB2 4-1437565-9
Added Member To Class: ClassName=Sheet1 Member=Component SB3 4-1437565-9
Added Member To Class: ClassName=Sheet1 Member=Component SB4 4-1437565-9
Added Member To Class: ClassName=Sheet1 Member=Component SB5 4-1437565-9
Added Member To Class: ClassName=Sheet1 Member=Component SB6 4-1437565-9
Added Member To Class: ClassName=Sheet1 Member=Component SB7 4-1437565-9
Added Member To Class: ClassName=Sheet1 Member=Component SB8 4-1437565-9
Added Member To Class: ClassName=Sheet1 Member=Component SB9 4-1437565-9
Added Member To Class: ClassName=Sheet1 Member=Component SB10 4-1437565-9
Added Member To Class: ClassName=Sheet1 Member=Component SB11 4-1437565-9
Added Member To Class: ClassName=Sheet1 Member=Component SB12 4-1437565-9
Added Member To Class: ClassName=Sheet1 Member=Component SB13 4-1437565-9
Added Member To Class: ClassName=Sheet1 Member=Component XS1 *
Added Member To Class: ClassName=Sheet1 Member=Component XS2 *
Added Member To Class: ClassName=Sheet1 Member=Component XS3 *
Added Member To Class: ClassName=Sheet1 Member=Component XS4 *
Added Member To Class: ClassName=Sheet1 Member=Component XS5 *
Added Member To Class: ClassName=Sheet1 Member=Component XS6 *
Added Member To Class: ClassName=Sheet1 Member=Component XS7 *
Added Member To Class: ClassName=Sheet1 Member=Component XS8 *
Added Member To Class: ClassName=Sheet1 Member=Component ZQ1 *
Added Member To Class: ClassName=Sheet1 Member=Component ZQ2 *
Added Room: Name=Sheet1
