Replace Part *T? IRLML6402TRPBF in C:\Users\User\Desktop\Diploma work\altium\diploma_work\Sheet1.SchDoc with IRLML6402TRPBF from IRLML6402TRPBF.IntLib
Replace Part BA? CVS-3108 in C:\Users\User\Desktop\Diploma work\altium\diploma_work\Sheet1.SchDoc with CVS-3108 from CVS-3108.IntLib
Replace Part C? 1808Y5K00101JXT in C:\Users\User\Desktop\Diploma work\altium\diploma_work\Sheet1.SchDoc with 1808Y5K00101JXT from 1808Y5K00101JXT.IntLib
Replace Part C? 1808Y5K00101JXT in C:\Users\User\Desktop\Diploma work\altium\diploma_work\Sheet1.SchDoc with 1808Y5K00101JXT from 1808Y5K00101JXT.IntLib
Replace Part C? UPM1C152MHD in C:\Users\User\Desktop\Diploma work\altium\diploma_work\Sheet1.SchDoc with UPM1C152MHD from UPM1C152MHD.IntLib
Replace Part C? VJ0603Y104KLXAC5G in C:\Users\User\Desktop\Diploma work\altium\diploma_work\Sheet1.SchDoc with VJ0603Y104KLXAC5G from VJ0603Y104KLXAC5G.IntLib
Replace Part C? VJ0603Y104KLXAC5G in C:\Users\User\Desktop\Diploma work\altium\diploma_work\Sheet1.SchDoc with VJ0603Y104KLXAC5G from VJ0603Y104KLXAC5G.IntLib
Replace Part C? VJ0603Y104KLXAC5G in C:\Users\User\Desktop\Diploma work\altium\diploma_work\Sheet1.SchDoc with VJ0603Y104KLXAC5G from VJ0603Y104KLXAC5G.IntLib
Replace Part C? VJ0603Y104KLXAC5G in C:\Users\User\Desktop\Diploma work\altium\diploma_work\Sheet1.SchDoc with VJ0603Y104KLXAC5G from VJ0603Y104KLXAC5G.IntLib
Replace Part C? VJ0603Y104KLXAC5G in C:\Users\User\Desktop\Diploma work\altium\diploma_work\Sheet1.SchDoc with VJ0603Y104KLXAC5G from VJ0603Y104KLXAC5G.IntLib
Replace Part D? 1N4007 in C:\Users\User\Desktop\Diploma work\altium\diploma_work\Sheet1.SchDoc with 1N4007 from 1N4007.IntLib
Replace Part D? CLA1A-WKW-CXAYB153 in C:\Users\User\Desktop\Diploma work\altium\diploma_work\Sheet1.SchDoc with CLA1A-WKW-CXAYB153 from CLA1A-WKW-CXAYB153.IntLib
Replace Part D? LED2 in C:\Users\User\Desktop\Diploma work\altium\diploma_work\Sheet1.SchDoc with LED2 from Miscellaneous Devices.IntLib
Replace Part D? LED2 in C:\Users\User\Desktop\Diploma work\altium\diploma_work\Sheet1.SchDoc with LED2 from Miscellaneous Devices.IntLib
Replace Part DA? NCP1117ST50T3G in C:\Users\User\Desktop\Diploma work\altium\diploma_work\Sheet1.SchDoc with NCP1117ST50T3G from NCP1117ST50T3G.IntLib
Replace Part DA? LM358D in C:\Users\User\Desktop\Diploma work\altium\diploma_work\Sheet1.SchDoc with LM358D from LM358D.IntLib
Replace Part DD? ATMEGA328P-AU in C:\Users\User\Desktop\Diploma work\altium\diploma_work\Sheet1.SchDoc with ATMEGA328P-AU from ATMEGA328P-AU.IntLib
Replace Part DD? CH340 in C:\Users\User\Desktop\Diploma work\altium\diploma_work\Sheet1.SchDoc with CH340 from CH340.IntLib
Replace Part DD? PCF8574N in C:\Users\User\Desktop\Diploma work\altium\diploma_work\Sheet1.SchDoc with PCF8574N from PCF8574N.IntLib
Replace Part HL? LCD-20X4B in C:\Users\User\Desktop\Diploma work\altium\diploma_work\Sheet1.SchDoc with LCD-20X4B from LCD-20X4B.IntLib
Replace Part L? ASPI-1367-100M-T in C:\Users\User\Desktop\Diploma work\altium\diploma_work\Sheet1.SchDoc with ASPI-1367-100M-T from ASPI-1367-100M-T.IntLib
Replace Part PS? HC-SR04 in C:\Users\User\Desktop\Diploma work\altium\diploma_work\Sheet1.SchDoc with HC-SR04 from HC-SR04.IntLib
Replace Part R? Component_1 in C:\Users\User\Desktop\Diploma work\altium\diploma_work\Sheet1.SchDoc with Component_1 from R.SchLib
Replace Part R? Component_1 in C:\Users\User\Desktop\Diploma work\altium\diploma_work\Sheet1.SchDoc with Component_1 from R.SchLib
Replace Part R? Component_1 in C:\Users\User\Desktop\Diploma work\altium\diploma_work\Sheet1.SchDoc with Component_1 from R.SchLib
Replace Part R? Component_1 in C:\Users\User\Desktop\Diploma work\altium\diploma_work\Sheet1.SchDoc with Component_1 from R.SchLib
Replace Part R? Component_1 in C:\Users\User\Desktop\Diploma work\altium\diploma_work\Sheet1.SchDoc with Component_1 from R.SchLib
Replace Part R? Component_1 in C:\Users\User\Desktop\Diploma work\altium\diploma_work\Sheet1.SchDoc with Component_1 from R.SchLib
Replace Part R? Component_1 in C:\Users\User\Desktop\Diploma work\altium\diploma_work\Sheet1.SchDoc with Component_1 from R.SchLib
Replace Part R? Component_1 in C:\Users\User\Desktop\Diploma work\altium\diploma_work\Sheet1.SchDoc with Component_1 from R.SchLib
Replace Part R? Component_1 in C:\Users\User\Desktop\Diploma work\altium\diploma_work\Sheet1.SchDoc with Component_1 from R.SchLib
Replace Part R? Component_1 in C:\Users\User\Desktop\Diploma work\altium\diploma_work\Sheet1.SchDoc with Component_1 from R.SchLib
Replace Part S? SW-PB in C:\Users\User\Desktop\Diploma work\altium\diploma_work\Sheet1.SchDoc with SW-PB from Miscellaneous Devices.IntLib
Replace Part S? SW-PB in C:\Users\User\Desktop\Diploma work\altium\diploma_work\Sheet1.SchDoc with SW-PB from Miscellaneous Devices.IntLib
Replace Part S? SW-PB in C:\Users\User\Desktop\Diploma work\altium\diploma_work\Sheet1.SchDoc with SW-PB from Miscellaneous Devices.IntLib
Replace Part S? SW-PB in C:\Users\User\Desktop\Diploma work\altium\diploma_work\Sheet1.SchDoc with SW-PB from Miscellaneous Devices.IntLib
Replace Part S? SW-PB in C:\Users\User\Desktop\Diploma work\altium\diploma_work\Sheet1.SchDoc with SW-PB from Miscellaneous Devices.IntLib
Replace Part S? SW-PB in C:\Users\User\Desktop\Diploma work\altium\diploma_work\Sheet1.SchDoc with SW-PB from Miscellaneous Devices.IntLib
Replace Part S? SW-PB in C:\Users\User\Desktop\Diploma work\altium\diploma_work\Sheet1.SchDoc with SW-PB from Miscellaneous Devices.IntLib
Replace Part S? SW-PB in C:\Users\User\Desktop\Diploma work\altium\diploma_work\Sheet1.SchDoc with SW-PB from Miscellaneous Devices.IntLib
Replace Part S? SW-PB in C:\Users\User\Desktop\Diploma work\altium\diploma_work\Sheet1.SchDoc with SW-PB from Miscellaneous Devices.IntLib
Replace Part S? SW-PB in C:\Users\User\Desktop\Diploma work\altium\diploma_work\Sheet1.SchDoc with SW-PB from Miscellaneous Devices.IntLib
Replace Part S? SW-PB in C:\Users\User\Desktop\Diploma work\altium\diploma_work\Sheet1.SchDoc with SW-PB from Miscellaneous Devices.IntLib
Replace Part S? SW-PB in C:\Users\User\Desktop\Diploma work\altium\diploma_work\Sheet1.SchDoc with SW-PB from Miscellaneous Devices.IntLib
Replace Part X? PJ-038B in C:\Users\User\Desktop\Diploma work\altium\diploma_work\Sheet1.SchDoc with PJ-038B from PJ-038B.IntLib
Replace Part X? PIC-ICSP in C:\Users\User\Desktop\Diploma work\altium\diploma_work\Sheet1.SchDoc with PIC-ICSP from PIC-ICSP.IntLib
Replace Part X? USB-B-S-X-X-TH in C:\Users\User\Desktop\Diploma work\altium\diploma_work\Sheet1.SchDoc with USB-B-S-X-X-TH from USB-B-S-X-X-TH.IntLib
Replace Part XS? TW-03-12-L-S-765-200 in C:\Users\User\Desktop\Diploma work\altium\diploma_work\Sheet1.SchDoc with TW-03-12-L-S-765-200 from TW-03-12-L-S-765-200.IntLib
Replace Part XS? TW-02-03-T-D-335-100 in C:\Users\User\Desktop\Diploma work\altium\diploma_work\Sheet1.SchDoc with TW-02-03-T-D-335-100 from TW-02-03-T-D-335-100.IntLib
Replace Part ZQ? ABM3-16.000MHZ-B4Y-T in C:\Users\User\Desktop\Diploma work\altium\diploma_work\Sheet1.SchDoc with ABM3-16.000MHZ-B4Y-T from ABM3-16.000MHZ-B4Y-T.IntLib
Replace Part ZQ? ABM3-16.000MHZ-B4Y-T in C:\Users\User\Desktop\Diploma work\altium\diploma_work\Sheet1.SchDoc with ABM3-16.000MHZ-B4Y-T from ABM3-16.000MHZ-B4Y-T.IntLib
