C:\Users\User\Desktop\Course project\course project 6 sem\Чертежи для курсача.dwg,Модель,20.05.2021 22:41:06,User,AutoCAD PDF (High Quality Print).pc3,ISO без полей A2 (594.00 x 420.00 мм),1:0.707143,
C:\Users\User\Desktop\Course project\course project 6 sem\Чертежи для курсача.dwg,Модель,20.05.2021 22:42:15,User,AutoCAD PDF (High Quality Print).pc3,ISO без полей A2 (594.00 x 420.00 мм),1:0.707143,
C:\Users\User\Desktop\Diploma work\Документы\автокад\Лицевая панель.dwg,А2,20.05.2021 22:48:06,User,AutoCAD PDF (High Quality Print).pc3,ISO без полей A2 (594.00 x 420.00 мм),1:1,
C:\Users\User\Desktop\Diploma work\Документы\автокад\Сборочный ВСЕГО устройства.dwg,А1,23.05.2021 22:58:07,User,AutoCAD PDF (High Quality Print).pc3,ISO без полей A1 (594.00 x 841.00 мм),1:1,
C:\Users\User\Desktop\Course project\course project 6 sem\Чертежи для курсача.dwg,Модель,24.05.2021 8:58:42,User,AutoCAD PDF (High Quality Print).pc3,ISO без полей A2 (420.00 x 594.00 мм),1:1.00505,
C:\Users\User\Desktop\Diploma work\Документы\автокад\Лицевая панель.dwg,А2,24.05.2021 19:36:29,User,AutoCAD PDF (High Quality Print).pc3,ISO без полей A2 (594.00 x 420.00 мм),1:1,
C:\Users\User\Desktop\Diploma work\Документы\автокад\Лицевая панель.dwg,А2,24.05.2021 19:36:51,User,AutoCAD PDF (High Quality Print).pc3,ISO без полей A2 (594.00 x 420.00 мм),1:1,
C:\Users\User\Desktop\Diploma work\Документы\автокад\Задняя панель.dwg,А2,24.05.2021 19:49:18,User,AutoCAD PDF (High Quality Print).pc3,ISO без полей A2 (594.00 x 420.00 мм),1:1,
C:\Users\User\Desktop\Diploma work\Документы\автокад\Лицевая панель.dwg,А2,24.05.2021 19:49:39,User,AutoCAD PDF (High Quality Print).pc3,ISO без полей A2 (594.00 x 420.00 мм),1:1,
C:\Users\User\Desktop\Diploma work\Документы\автокад\Задняя панель.dwg,А2,24.05.2021 19:50:57,User,AutoCAD PDF (High Quality Print).pc3,ISO без полей A2 (594.00 x 420.00 мм),1:1,
C:\Users\User\Desktop\Diploma work\Документы\автокад\Лицевая панель.dwg,А2,24.05.2021 19:51:21,User,AutoCAD PDF (High Quality Print).pc3,ISO без полей A2 (594.00 x 420.00 мм),1:1,
C:\Users\User\Desktop\Diploma work\Документы\автокад\Задняя панель.dwg,А2,24.05.2021 19:56:11,User,AutoCAD PDF (High Quality Print).pc3,ISO без полей A2 (594.00 x 420.00 мм),1:1,
C:\Users\User\Desktop\Diploma work\Документы\автокад\Лицевая панель.dwg,А2,24.05.2021 20:04:48,User,AutoCAD PDF (High Quality Print).pc3,ISO без полей A2 (594.00 x 420.00 мм),1:1,
C:\Users\User\Desktop\Diploma work\Документы\автокад\Задняя панель.dwg,А2,24.05.2021 20:05:35,User,AutoCAD PDF (High Quality Print).pc3,ISO без полей A2 (594.00 x 420.00 мм),1:1,
C:\Users\User\Desktop\Course project\course project 6 sem\Чертежи для курсача.dwg,Модель,24.05.2021 20:09:13,User,AutoCAD PDF (High Quality Print).pc3,ISO без полей A2 (594.00 x 420.00 мм),1:1.00505,
C:\Users\User\Desktop\Course project\course project 6 sem\Чертежи для курсача.dwg,Модель,24.05.2021 21:08:08,User,AutoCAD PDF (High Quality Print).pc3,ISO без полей A2 (594.00 x 420.00 мм),1:1.00505,
C:\Users\User\Desktop\Diploma work\Документы\автокад\Сборочный ВСЕГО устройства.dwg,А1,24.05.2021 21:17:42,User,AutoCAD PDF (High Quality Print).pc3,ISO без полей A1 (594.00 x 841.00 мм),1:1,
C:\Users\User\Desktop\Course project\course project 6 sem\Чертежи для курсача.dwg,Модель,25.05.2021 15:13:56,User,AutoCAD PDF (High Quality Print).pc3,ISO без полей A2 (594.00 x 420.00 мм),1:1.00505,
C:\Users\User\Desktop\Diploma work\Документы\автокад\Лицевая панель.dwg,А2,25.05.2021 15:21:57,User,AutoCAD PDF (High Quality Print).pc3,ISO без полей A2 (594.00 x 420.00 мм),1:1,
C:\Users\User\Desktop\Diploma work\Документы\автокад\Задняя панель.dwg,А2,25.05.2021 15:22:53,User,AutoCAD PDF (High Quality Print).pc3,ISO без полей A2 (594.00 x 420.00 мм),1:1,
C:\Users\User\Desktop\Course project\course project 6 sem\Чертежи для курсача.dwg,Модель,25.05.2021 15:25:51,User,AutoCAD PDF (High Quality Print).pc3,ISO без полей A2 (594.00 x 420.00 мм),1:1.00505,
C:\Users\User\Desktop\Diploma work\Документы\автокад\Сборочный ВСЕГО устройства.dwg,А1,25.05.2021 15:58:12,User,AutoCAD PDF (High Quality Print).pc3,ISO без полей A1 (594.00 x 841.00 мм),1:1,
C:\Users\User\Desktop\Course project\course project 6 sem\Чертежи для курсача.dwg,Модель,25.05.2021 22:50:06,User,AutoCAD PDF (High Quality Print).pc3,ISO без полей A2 (594.00 x 420.00 мм),1:1.00505,
C:\Users\User\Documents\Чертеж1.dwg,Модель,25.05.2021 23:35:43,User,Microsoft Print to PDF,A4,1:1.97674,
C:\Users\User\Desktop\Diploma work\altium\diploma_work\Sheet1.dwg,Модель,26.05.2021 10:48:49,User,AutoCAD PDF (High Quality Print).pc3,ISO без полей A1 (841.00 x 594.00 мм),1:1,
C:\Users\User\Desktop\Diploma work\altium\diploma_work\Sheet1.dwg,Модель,26.05.2021 10:49:56,User,AutoCAD PDF (High Quality Print).pc3,ISO без полей A1 (841.00 x 594.00 мм),1:1,
C:\Users\User\Desktop\Diploma work\altium\diploma_work\Sheet1.dwg,Модель,26.05.2021 10:50:40,User,AutoCAD PDF (High Quality Print).pc3,ISO без полей A1 (841.00 x 594.00 мм),1:1,
C:\Users\User\Desktop\Diploma work\Документы\автокад\Сборочный ВСЕГО устройства.dwg,А1,26.05.2021 10:55:24,User,AutoCAD PDF (High Quality Print).pc3,ISO без полей A1 (594.00 x 841.00 мм),1:1,
C:\Users\User\Desktop\Course project\course project 6 sem\Чертежи для курсача.dwg,Модель,26.05.2021 14:20:02,User,AutoCAD PDF (High Quality Print).pc3,ISO без полей A2 (594.00 x 420.00 мм),1:1.00505,
